#
# There is insufficient memory for the Java Runtime Environment to continue.
# Native memory allocation (mmap) failed to map 295698432 bytes for Failed to commit area from 0x0000000091700000 to 0x00000000a3100000 of length 295698432.
# Possible reasons:
#   The system is out of physical RAM or swap space
#   The process is running with CompressedOops enabled, and the Java Heap may be blocking the growth of the native heap
# Possible solutions:
#   Reduce memory load on the system
#   Increase physical memory or swap space
#   Check if swap backing store is full
#   Decrease Java heap size (-Xmx/-Xms)
#   Decrease number of Java threads
#   Decrease Java thread stack sizes (-Xss)
#   Set larger code cache with -XX:ReservedCodeCacheSize=
#   JVM is running with Unscaled Compressed Oops mode in which the Java heap is
#     placed in the first 4GB address space. The Java Heap base address is the
#     maximum limit for the native heap growth. Please use -XX:HeapBaseMinAddress
#     to set the Java Heap base and to place the Java Heap above 4GB virtual address.
# This output file may be truncated or incomplete.
#
#  Out of Memory Error (./src/hotspot/os/windows/os_windows.cpp:3301), pid=2316, tid=1868
#
# JRE version: OpenJDK Runtime Environment (11.0.10) (build 11.0.10+0-b96-7249189)
# Java VM: OpenJDK 64-Bit Server VM (11.0.10+0-b96-7249189, mixed mode, tiered, compressed oops, g1 gc, windows-amd64)
# No core dump will be written. Minidumps are not enabled by default on client versions of Windows
#

---------------  S U M M A R Y ------------

Command Line: --add-opens=java.base/java.util=ALL-UNNAMED --add-opens=java.base/java.lang=ALL-UNNAMED --add-opens=java.base/java.lang.invoke=ALL-UNNAMED --add-opens=java.base/java.util=ALL-UNNAMED --add-opens=java.prefs/java.util.prefs=ALL-UNNAMED --add-opens=java.prefs/java.util.prefs=ALL-UNNAMED --add-opens=java.base/java.nio.charset=ALL-UNNAMED --add-opens=java.base/java.net=ALL-UNNAMED --add-opens=java.base/java.util.concurrent.atomic=ALL-UNNAMED -Xmx2048m -Dfile.encoding=UTF-8 -Duser.country=TR -Duser.language=tr -Duser.variant org.gradle.launcher.daemon.bootstrap.GradleDaemon 7.0.2

Host: Intel(R) Core(TM) i5-8250U CPU @ 1.60GHz, 8 cores, 7G,  Windows 10 , 64 bit Build 22000 (10.0.22000.318)
Time: Fri Dec  3 00:54:05 2021 Türkiye Standart Saati elapsed time: 71.774070 seconds (0d 0h 1m 11s)

---------------  T H R E A D  ---------------

Current thread (0x000001d81b3c7800):  VMThread "VM Thread" [stack: 0x0000005615000000,0x0000005615100000] [id=1868]

Stack: [0x0000005615000000,0x0000005615100000]
[error occurred during error reporting (printing stack bounds), id 0xc0000005, EXCEPTION_ACCESS_VIOLATION (0xc0000005) at pc=0x000001d803a30f2d]

Native frames: (J=compiled Java code, j=interpreted, Vv=VM code, C=native code)
V  [jvm.dll+0x5ecfaa]
V  [jvm.dll+0x722bd5]
V  [jvm.dll+0x72412d]
V  [jvm.dll+0x724745]
V  [jvm.dll+0x7246fb]
V  [jvm.dll+0x5ec348]
V  [jvm.dll+0x5ecad8]
C  [ntdll.dll+0xa82ff]
C  [ntdll.dll+0x35a0a]
C  [ntdll.dll+0xa730e]
C  0x000001d803a30f2d

VM_Operation (0x0000005617ff8dc0): G1CollectForAllocation, mode: safepoint, requested by thread 0x000001d820ab3800


---------------  P R O C E S S  ---------------

Threads class SMR info:
_java_thread_list=0x000001d81c745170, length=62, elements={
0x000001d87e0e3800, 0x000001d81aba5000, 0x000001d81abb2800, 0x000001d81b3d7000,
0x000001d81b3d8000, 0x000001d81b3d9000, 0x000001d81b3de000, 0x000001d81b432800,
0x000001d81abbc000, 0x000001d81b58c000, 0x000001d81cff2800, 0x000001d81dfe1000,
0x000001d81c2c0800, 0x000001d81cc2e800, 0x000001d81d547000, 0x000001d81dabb800,
0x000001d81c370800, 0x000001d81d5c1800, 0x000001d81e710000, 0x000001d81e70c000,
0x000001d81e70d000, 0x000001d81e70b800, 0x000001d81e70d800, 0x000001d81e70f800,
0x000001d81e70e800, 0x000001d81e70a800, 0x000001d81e711000, 0x000001d820aab800,
0x000001d820aac800, 0x000001d820aa8800, 0x000001d820aab000, 0x000001d820aa9000,
0x000001d820aaf000, 0x000001d820aaf800, 0x000001d820aaa000, 0x000001d820ab3800,
0x000001d820ab4800, 0x000001d820ab0800, 0x000001d820ab1800, 0x000001d820ab5800,
0x000001d820ab2000, 0x000001d820ab6000, 0x000001d820ab3000, 0x000001d820ab7000,
0x000001d821645000, 0x000001d821647000, 0x000001d821646000, 0x000001d821647800,
0x000001d821642000, 0x000001d821643000, 0x000001d82164f000, 0x000001d82164c000,
0x000001d82164b000, 0x000001d82164c800, 0x000001d82164e000, 0x000001d82164d800,
0x000001d821649800, 0x000001d821650000, 0x000001d82164a000, 0x000001d821650800,
0x000001d821643800, 0x000001d821644800
}

Java Threads: ( => current thread )
  0x000001d87e0e3800 JavaThread "main" [_thread_blocked, id=9656, stack(0x0000005614a00000,0x0000005614b00000)]
  0x000001d81aba5000 JavaThread "Reference Handler" daemon [_thread_blocked, id=8272, stack(0x0000005615100000,0x0000005615200000)]
  0x000001d81abb2800 JavaThread "Finalizer" daemon [_thread_blocked, id=2560, stack(0x0000005615200000,0x0000005615300000)]
  0x000001d81b3d7000 JavaThread "Signal Dispatcher" daemon [_thread_blocked, id=4784, stack(0x0000005615300000,0x0000005615400000)]
  0x000001d81b3d8000 JavaThread "Attach Listener" daemon [_thread_blocked, id=5640, stack(0x0000005615400000,0x0000005615500000)]
  0x000001d81b3d9000 JavaThread "Service Thread" daemon [_thread_blocked, id=10464, stack(0x0000005615500000,0x0000005615600000)]
  0x000001d81b3de000 JavaThread "C2 CompilerThread0" daemon [_thread_blocked, id=1296, stack(0x0000005615600000,0x0000005615700000)]
  0x000001d81b432800 JavaThread "C1 CompilerThread0" daemon [_thread_blocked, id=1568, stack(0x0000005615700000,0x0000005615800000)]
  0x000001d81abbc000 JavaThread "Sweeper thread" daemon [_thread_blocked, id=6284, stack(0x0000005615800000,0x0000005615900000)]
  0x000001d81b58c000 JavaThread "Common-Cleaner" daemon [_thread_blocked, id=7468, stack(0x0000005615900000,0x0000005615a00000)]
  0x000001d81cff2800 JavaThread "Daemon health stats" [_thread_blocked, id=11196, stack(0x0000005615b00000,0x0000005615c00000)]
  0x000001d81dfe1000 JavaThread "Incoming local TCP Connector on port 64492" [_thread_in_native, id=5268, stack(0x0000005615e00000,0x0000005615f00000)]
  0x000001d81c2c0800 JavaThread "Daemon periodic checks" [_thread_blocked, id=7724, stack(0x0000005615f00000,0x0000005616000000)]
  0x000001d81cc2e800 JavaThread "Daemon" [_thread_blocked, id=10428, stack(0x0000005616000000,0x0000005616100000)]
  0x000001d81d547000 JavaThread "Handler for socket connection from /127.0.0.1:64492 to /127.0.0.1:64493" [_thread_in_native, id=7208, stack(0x0000005616100000,0x0000005616200000)]
  0x000001d81dabb800 JavaThread "Cancel handler" [_thread_blocked, id=7412, stack(0x0000005616200000,0x0000005616300000)]
  0x000001d81c370800 JavaThread "Daemon worker" [_thread_blocked, id=3840, stack(0x0000005616300000,0x0000005616400000)]
  0x000001d81d5c1800 JavaThread "Asynchronous log dispatcher for DefaultDaemonConnection: socket connection from /127.0.0.1:64492 to /127.0.0.1:64493" [_thread_blocked, id=8132, stack(0x0000005616400000,0x0000005616500000)]
  0x000001d81e710000 JavaThread "Daemon client event forwarder" [_thread_blocked, id=7912, stack(0x0000005616600000,0x0000005616700000)]
  0x000001d81e70c000 JavaThread "Cache worker for file hash cache (C:\Users\marti\.gradle\caches\7.0.2\fileHashes)" [_thread_blocked, id=7028, stack(0x0000005616d00000,0x0000005616e00000)]
  0x000001d81e70d000 JavaThread "File lock request listener" [_thread_in_native, id=596, stack(0x0000005616e00000,0x0000005616f00000)]
  0x000001d81e70b800 JavaThread "Cache worker for journal cache (C:\Users\marti\.gradle\caches\journal-1)" [_thread_blocked, id=11260, stack(0x0000005617000000,0x0000005617100000)]
  0x000001d81e70d800 JavaThread "Cache worker for file hash cache (C:\Users\marti\AndroidStudioProjects\suygulama_yeni\.gradle\7.0.2\fileHashes)" [_thread_blocked, id=3016, stack(0x0000005617100000,0x0000005617200000)]
  0x000001d81e70f800 JavaThread "File watcher server" daemon [_thread_blocked, id=8476, stack(0x0000005617200000,0x0000005617300000)]
  0x000001d81e70e800 JavaThread "File watcher consumer" daemon [_thread_blocked, id=1292, stack(0x0000005617300000,0x0000005617400000)]
  0x000001d81e70a800 JavaThread "Cache worker for checksums cache (C:\Users\marti\AndroidStudioProjects\suygulama_yeni\.gradle\checksums)" [_thread_blocked, id=8468, stack(0x0000005617400000,0x0000005617500000)]
  0x000001d81e711000 JavaThread "Cache worker for cache directory md-supplier (C:\Users\marti\.gradle\caches\7.0.2\md-supplier)" [_thread_blocked, id=1872, stack(0x0000005617500000,0x0000005617600000)]
  0x000001d820aab800 JavaThread "Cache worker for cache directory md-rule (C:\Users\marti\.gradle\caches\7.0.2\md-rule)" [_thread_blocked, id=8856, stack(0x0000005617700000,0x0000005617800000)]
  0x000001d820aac800 JavaThread "Cache worker for execution history cache (C:\Users\marti\.gradle\caches\7.0.2\executionHistory)" [_thread_blocked, id=7136, stack(0x0000005617800000,0x0000005617900000)]
  0x000001d820aa8800 JavaThread "jar transforms" [_thread_blocked, id=1768, stack(0x0000005617a00000,0x0000005617b00000)]
  0x000001d820aab000 JavaThread "jar transforms Thread 2" [_thread_blocked, id=11068, stack(0x0000005617600000,0x0000005617700000)]
  0x000001d820aa9000 JavaThread "Cache worker for file content cache (C:\Users\marti\.gradle\caches\7.0.2\fileContent)" [_thread_blocked, id=7684, stack(0x0000005617b00000,0x0000005617c00000)]
  0x000001d820aaf000 JavaThread "Cache worker for dependencies-accessors (C:\Users\marti\AndroidStudioProjects\suygulama_yeni\.gradle\7.0.2\dependencies-accessors)" [_thread_blocked, id=10288, stack(0x0000005617d00000,0x0000005617e00000)]
  0x000001d820aaf800 JavaThread "jar transforms Thread 3" [_thread_blocked, id=10024, stack(0x0000005617900000,0x0000005617a00000)]
  0x000001d820aaa000 JavaThread "Cache worker for Build Output Cleanup Cache (C:\Users\marti\AndroidStudioProjects\suygulama_yeni\.gradle\buildOutputCleanup)" [_thread_blocked, id=2092, stack(0x0000005617e00000,0x0000005617f00000)]
  0x000001d820ab3800 JavaThread "Build operations" [_thread_blocked, id=2088, stack(0x0000005617f00000,0x0000005618000000)]
  0x000001d820ab4800 JavaThread "Build operations Thread 2" [_thread_blocked, id=8076, stack(0x0000005618000000,0x0000005618100000)]
  0x000001d820ab0800 JavaThread "Build operations Thread 3" [_thread_blocked, id=5484, stack(0x0000005618100000,0x0000005618200000)]
  0x000001d820ab1800 JavaThread "Build operations Thread 4" [_thread_blocked, id=9748, stack(0x0000005618200000,0x0000005618300000)]
  0x000001d820ab5800 JavaThread "Build operations Thread 5" [_thread_blocked, id=2584, stack(0x0000005618300000,0x0000005618400000)]
  0x000001d820ab2000 JavaThread "Build operations Thread 6" [_thread_blocked, id=8548, stack(0x0000005618400000,0x0000005618500000)]
  0x000001d820ab6000 JavaThread "Build operations Thread 7" [_thread_blocked, id=11168, stack(0x0000005618500000,0x0000005618600000)]
  0x000001d820ab3000 JavaThread "Build operations Thread 8" [_thread_blocked, id=8344, stack(0x0000005618600000,0x0000005618700000)]
  0x000001d820ab7000 JavaThread "jar transforms Thread 4" [_thread_blocked, id=9156, stack(0x0000005618700000,0x0000005618800000)]
  0x000001d821645000 JavaThread "jar transforms Thread 5" [_thread_blocked, id=7548, stack(0x0000005618800000,0x0000005618900000)]
  0x000001d821647000 JavaThread "jar transforms Thread 6" [_thread_blocked, id=6548, stack(0x0000005618900000,0x0000005618a00000)]
  0x000001d821646000 JavaThread "jar transforms Thread 7" [_thread_blocked, id=9956, stack(0x0000005618a00000,0x0000005618b00000)]
  0x000001d821647800 JavaThread "jar transforms Thread 8" [_thread_blocked, id=1748, stack(0x0000005618b00000,0x0000005618c00000)]
  0x000001d821642000 JavaThread "Memory manager" [_thread_blocked, id=8864, stack(0x0000005618d00000,0x0000005618e00000)]
  0x000001d821643000 JavaThread "build event listener" [_thread_blocked, id=8060, stack(0x0000005619000000,0x0000005619100000)]
  0x000001d82164f000 JavaThread "pool-3-thread-1" [_thread_blocked, id=6160, stack(0x0000005619100000,0x0000005619200000)]
  0x000001d82164c000 JavaThread "build event listener" [_thread_blocked, id=11220, stack(0x0000005619200000,0x0000005619300000)]
  0x000001d82164b000 JavaThread "Execution worker for ':'" [_thread_blocked, id=5584, stack(0x0000005619300000,0x0000005619400000)]
  0x000001d82164c800 JavaThread "Execution worker for ':' Thread 2" [_thread_blocked, id=7616, stack(0x0000005619400000,0x0000005619500000)]
  0x000001d82164e000 JavaThread "Execution worker for ':' Thread 3" [_thread_blocked, id=4048, stack(0x0000005619500000,0x0000005619600000)]
  0x000001d82164d800 JavaThread "Execution worker for ':' Thread 4" [_thread_blocked, id=1136, stack(0x0000005619600000,0x0000005619700000)]
  0x000001d821649800 JavaThread "Execution worker for ':' Thread 5" [_thread_blocked, id=492, stack(0x0000005619700000,0x0000005619800000)]
  0x000001d821650000 JavaThread "Execution worker for ':' Thread 6" [_thread_blocked, id=8980, stack(0x0000005619800000,0x0000005619900000)]
  0x000001d82164a000 JavaThread "Execution worker for ':' Thread 7" [_thread_blocked, id=9568, stack(0x0000005619900000,0x0000005619a00000)]
  0x000001d821650800 JavaThread "Cache worker for execution history cache (C:\Users\marti\AndroidStudioProjects\suygulama_yeni\.gradle\7.0.2\executionHistory)" [_thread_blocked, id=5812, stack(0x0000005619a00000,0x0000005619b00000)]
  0x000001d821643800 JavaThread "C2 CompilerThread1" daemon [_thread_blocked, id=8204, stack(0x0000005614700000,0x0000005614800000)]
  0x000001d821644800 JavaThread "C2 CompilerThread2" daemon [_thread_blocked, id=8340, stack(0x0000005614800000,0x0000005614900000)]

Other Threads:
=>0x000001d81b3c7800 VMThread "VM Thread" [stack: 0x0000005615000000,0x0000005615100000] [id=1868]
  0x000001d81b58d800 WatcherThread [stack: 0x0000005615a00000,0x0000005615b00000] [id=4904]
  0x000001d87e0f6800 GCTaskThread "GC Thread#0" [stack: 0x0000005614b00000,0x0000005614c00000] [id=10560]
  0x000001d81b9ae000 GCTaskThread "GC Thread#1" [stack: 0x0000005615c00000,0x0000005615d00000] [id=496]
  0x000001d81c050000 GCTaskThread "GC Thread#2" [stack: 0x0000005615d00000,0x0000005615e00000] [id=8512]
  0x000001d81d7ea800 GCTaskThread "GC Thread#3" [stack: 0x0000005616700000,0x0000005616800000] [id=10196]
  0x000001d81d607800 GCTaskThread "GC Thread#4" [stack: 0x0000005616800000,0x0000005616900000] [id=10304]
  0x000001d81dc01000 GCTaskThread "GC Thread#5" [stack: 0x0000005616900000,0x0000005616a00000] [id=1432]
  0x000001d81d7a5800 GCTaskThread "GC Thread#6" [stack: 0x0000005616a00000,0x0000005616b00000] [id=8372]
  0x000001d81cac0800 GCTaskThread "GC Thread#7" [stack: 0x0000005616b00000,0x0000005616c00000] [id=2144]
  0x000001d87e12b800 ConcurrentGCThread "G1 Main Marker" [stack: 0x0000005614c00000,0x0000005614d00000] [id=7188]
  0x000001d87e12d000 ConcurrentGCThread "G1 Conc#0" [stack: 0x0000005614d00000,0x0000005614e00000] [id=6180]
  0x000001d81cc78800 ConcurrentGCThread "G1 Conc#1" [stack: 0x0000005616f00000,0x0000005617000000] [id=4276]
  0x000001d87e1bd800 ConcurrentGCThread "G1 Refine#0" [stack: 0x0000005614e00000,0x0000005614f00000] [id=444]
  0x000001d81c244000 ConcurrentGCThread "G1 Refine#1" [stack: 0x0000005616c00000,0x0000005616d00000] [id=3288]
  0x000001d81a9fc800 ConcurrentGCThread "G1 Young RemSet Sampling" [stack: 0x0000005614f00000,0x0000005615000000] [id=9624]

Threads with active compile tasks:
C2 CompilerThread0  72066 11827       4       com.android.tools.r8.internal.U6::a (4191 bytes)
C1 CompilerThread0  72066 12216       3       com.android.tools.r8.internal.Ne::c (83 bytes)
C2 CompilerThread1  72066 10926 %     4       com.android.tools.r8.internal.U6::a @ 2560 (6044 bytes)
C2 CompilerThread2  72066 12223       4       com.android.tools.r8.internal.l8::a (40 bytes)

VM state:at safepoint (normal execution)

VM Mutex/Monitor currently owned by a thread:  ([mutex/lock_event])
[0x000001d87e0dff20] Threads_lock - owner thread: 0x000001d81b3c7800
[0x000001d87e0e0670] Heap_lock - owner thread: 0x000001d820ab3800

Heap address: 0x0000000080000000, size: 2048 MB, Compressed Oops mode: 32-bit
Narrow klass base: 0x0000000000000000, Narrow klass shift: 3
Compressed class space size: 1073741824 Address: 0x0000000100000000

Heap:
 garbage-first heap   total 574464K, used 156025K [0x0000000080000000, 0x0000000100000000)
  region size 1024K, 5 young (5120K), 5 survivors (5120K)
 Metaspace       used 93605K, capacity 96284K, committed 96332K, reserved 1132544K
  class space    used 12303K, capacity 13345K, committed 13388K, reserved 1048576K
Heap Regions: E=young(eden), S=young(survivor), O=old, HS=humongous(starts), HC=humongous(continues), CS=collection set, F=free, A=archive, TAMS=top-at-mark-start (previous, next)
|   0|0x0000000080000000, 0x0000000080100000, 0x0000000080100000|100%| O|  |TAMS 0x0000000080100000, 0x0000000080000000| Untracked 
|   1|0x0000000080100000, 0x0000000080200000, 0x0000000080200000|100%| O|  |TAMS 0x0000000080200000, 0x0000000080100000| Untracked 
|   2|0x0000000080200000, 0x0000000080300000, 0x0000000080300000|100%| O|  |TAMS 0x0000000080300000, 0x0000000080200000| Untracked 
|   3|0x0000000080300000, 0x0000000080400000, 0x0000000080400000|100%|HS|  |TAMS 0x0000000080400000, 0x0000000080300000| Complete 
|   4|0x0000000080400000, 0x0000000080500000, 0x0000000080500000|100%|HC|  |TAMS 0x0000000080500000, 0x0000000080400000| Complete 
|   5|0x0000000080500000, 0x0000000080600000, 0x0000000080600000|100%|HC|  |TAMS 0x0000000080600000, 0x0000000080500000| Complete 
|   6|0x0000000080600000, 0x0000000080700000, 0x0000000080700000|100%| O|  |TAMS 0x0000000080700000, 0x0000000080600000| Untracked 
|   7|0x0000000080700000, 0x0000000080800000, 0x0000000080800000|100%| O|  |TAMS 0x0000000080800000, 0x0000000080700000| Untracked 
|   8|0x0000000080800000, 0x0000000080900000, 0x0000000080900000|100%| O|  |TAMS 0x0000000080900000, 0x0000000080800000| Untracked 
|   9|0x0000000080900000, 0x0000000080a00000, 0x0000000080a00000|100%| O|  |TAMS 0x0000000080a00000, 0x0000000080900000| Untracked 
|  10|0x0000000080a00000, 0x0000000080b00000, 0x0000000080b00000|100%| O|  |TAMS 0x0000000080b00000, 0x0000000080a00000| Untracked 
|  11|0x0000000080b00000, 0x0000000080c00000, 0x0000000080c00000|100%| O|  |TAMS 0x0000000080c00000, 0x0000000080b00000| Untracked 
|  12|0x0000000080c00000, 0x0000000080d00000, 0x0000000080d00000|100%| O|  |TAMS 0x0000000080d00000, 0x0000000080c00000| Untracked 
|  13|0x0000000080d00000, 0x0000000080e00000, 0x0000000080e00000|100%| O|  |TAMS 0x0000000080e00000, 0x0000000080d00000| Untracked 
|  14|0x0000000080e00000, 0x0000000080f00000, 0x0000000080f00000|100%| O|  |TAMS 0x0000000080f00000, 0x0000000080e00000| Untracked 
|  15|0x0000000080f00000, 0x0000000081000000, 0x0000000081000000|100%| O|  |TAMS 0x0000000081000000, 0x0000000080f00000| Untracked 
|  16|0x0000000081000000, 0x0000000081100000, 0x0000000081100000|100%| O|  |TAMS 0x0000000081100000, 0x0000000081000000| Untracked 
|  17|0x0000000081100000, 0x0000000081200000, 0x0000000081200000|100%|HS|  |TAMS 0x0000000081200000, 0x0000000081100000| Complete 
|  18|0x0000000081200000, 0x0000000081300000, 0x0000000081300000|100%| O|  |TAMS 0x0000000081300000, 0x0000000081200000| Untracked 
|  19|0x0000000081300000, 0x0000000081400000, 0x0000000081400000|100%| O|  |TAMS 0x0000000081400000, 0x0000000081300000| Untracked 
|  20|0x0000000081400000, 0x0000000081500000, 0x0000000081500000|100%| O|  |TAMS 0x0000000081500000, 0x0000000081400000| Untracked 
|  21|0x0000000081500000, 0x0000000081600000, 0x0000000081600000|100%| O|  |TAMS 0x0000000081600000, 0x0000000081500000| Untracked 
|  22|0x0000000081600000, 0x0000000081700000, 0x0000000081700000|100%| O|  |TAMS 0x0000000081700000, 0x0000000081600000| Untracked 
|  23|0x0000000081700000, 0x0000000081800000, 0x0000000081800000|100%| O|  |TAMS 0x0000000081800000, 0x0000000081700000| Untracked 
|  24|0x0000000081800000, 0x0000000081900000, 0x0000000081900000|100%| O|  |TAMS 0x0000000081900000, 0x0000000081800000| Untracked 
|  25|0x0000000081900000, 0x0000000081a00000, 0x0000000081a00000|100%| O|  |TAMS 0x0000000081a00000, 0x0000000081900000| Untracked 
|  26|0x0000000081a00000, 0x0000000081b00000, 0x0000000081b00000|100%| O|  |TAMS 0x0000000081b00000, 0x0000000081a00000| Untracked 
|  27|0x0000000081b00000, 0x0000000081c00000, 0x0000000081c00000|100%|HS|  |TAMS 0x0000000081c00000, 0x0000000081b00000| Complete 
|  28|0x0000000081c00000, 0x0000000081d00000, 0x0000000081d00000|100%|HS|  |TAMS 0x0000000081d00000, 0x0000000081c00000| Complete 
|  29|0x0000000081d00000, 0x0000000081e00000, 0x0000000081e00000|100%|HC|  |TAMS 0x0000000081e00000, 0x0000000081d00000| Complete 
|  30|0x0000000081e00000, 0x0000000081f00000, 0x0000000081f00000|100%| O|  |TAMS 0x0000000081f00000, 0x0000000081e00000| Untracked 
|  31|0x0000000081f00000, 0x0000000082000000, 0x0000000082000000|100%| O|  |TAMS 0x0000000082000000, 0x0000000081f00000| Untracked 
|  32|0x0000000082000000, 0x0000000082100000, 0x0000000082100000|100%| O|  |TAMS 0x0000000082100000, 0x0000000082000000| Untracked 
|  33|0x0000000082100000, 0x0000000082200000, 0x0000000082200000|100%| O|  |TAMS 0x0000000082200000, 0x0000000082100000| Untracked 
|  34|0x0000000082200000, 0x0000000082300000, 0x0000000082300000|100%| O|  |TAMS 0x0000000082300000, 0x0000000082200000| Untracked 
|  35|0x0000000082300000, 0x0000000082400000, 0x0000000082400000|100%| O|  |TAMS 0x0000000082400000, 0x0000000082300000| Untracked 
|  36|0x0000000082400000, 0x0000000082500000, 0x0000000082500000|100%| O|  |TAMS 0x0000000082500000, 0x0000000082400000| Untracked 
|  37|0x0000000082500000, 0x0000000082600000, 0x0000000082600000|100%| O|  |TAMS 0x0000000082600000, 0x0000000082500000| Untracked 
|  38|0x0000000082600000, 0x0000000082700000, 0x0000000082700000|100%| O|  |TAMS 0x0000000082700000, 0x0000000082600000| Untracked 
|  39|0x0000000082700000, 0x0000000082800000, 0x0000000082800000|100%| O|  |TAMS 0x0000000082800000, 0x0000000082700000| Untracked 
|  40|0x0000000082800000, 0x0000000082900000, 0x0000000082900000|100%| O|  |TAMS 0x0000000082900000, 0x0000000082800000| Untracked 
|  41|0x0000000082900000, 0x0000000082a00000, 0x0000000082a00000|100%| O|  |TAMS 0x0000000082a00000, 0x0000000082900000| Untracked 
|  42|0x0000000082a00000, 0x0000000082b00000, 0x0000000082b00000|100%| O|  |TAMS 0x0000000082b00000, 0x0000000082a00000| Untracked 
|  43|0x0000000082b00000, 0x0000000082c00000, 0x0000000082c00000|100%| O|  |TAMS 0x0000000082c00000, 0x0000000082b00000| Untracked 
|  44|0x0000000082c00000, 0x0000000082d00000, 0x0000000082d00000|100%| O|  |TAMS 0x0000000082d00000, 0x0000000082c00000| Untracked 
|  45|0x0000000082d00000, 0x0000000082e00000, 0x0000000082e00000|100%| O|  |TAMS 0x0000000082e00000, 0x0000000082d00000| Untracked 
|  46|0x0000000082e00000, 0x0000000082f00000, 0x0000000082f00000|100%| O|  |TAMS 0x0000000082f00000, 0x0000000082e00000| Untracked 
|  47|0x0000000082f00000, 0x0000000083000000, 0x0000000083000000|100%| O|  |TAMS 0x0000000083000000, 0x0000000082f00000| Untracked 
|  48|0x0000000083000000, 0x0000000083100000, 0x0000000083100000|100%| O|  |TAMS 0x0000000083100000, 0x0000000083000000| Untracked 
|  49|0x0000000083100000, 0x0000000083200000, 0x0000000083200000|100%| O|  |TAMS 0x0000000083200000, 0x0000000083100000| Untracked 
|  50|0x0000000083200000, 0x0000000083300000, 0x0000000083300000|100%| O|  |TAMS 0x0000000083300000, 0x0000000083200000| Untracked 
|  51|0x0000000083300000, 0x0000000083400000, 0x0000000083400000|100%| O|  |TAMS 0x0000000083400000, 0x0000000083300000| Untracked 
|  52|0x0000000083400000, 0x0000000083500000, 0x0000000083500000|100%| O|  |TAMS 0x0000000083500000, 0x0000000083400000| Untracked 
|  53|0x0000000083500000, 0x0000000083600000, 0x0000000083600000|100%| O|  |TAMS 0x0000000083600000, 0x0000000083500000| Untracked 
|  54|0x0000000083600000, 0x0000000083700000, 0x0000000083700000|100%| O|  |TAMS 0x0000000083700000, 0x0000000083600000| Untracked 
|  55|0x0000000083700000, 0x0000000083800000, 0x0000000083800000|100%| O|  |TAMS 0x0000000083800000, 0x0000000083700000| Untracked 
|  56|0x0000000083800000, 0x0000000083900000, 0x0000000083900000|100%| O|  |TAMS 0x0000000083900000, 0x0000000083800000| Untracked 
|  57|0x0000000083900000, 0x0000000083a00000, 0x0000000083a00000|100%| O|  |TAMS 0x0000000083a00000, 0x0000000083900000| Untracked 
|  58|0x0000000083a00000, 0x0000000083b00000, 0x0000000083b00000|100%| O|  |TAMS 0x0000000083b00000, 0x0000000083a00000| Untracked 
|  59|0x0000000083b00000, 0x0000000083c00000, 0x0000000083c00000|100%| O|  |TAMS 0x0000000083c00000, 0x0000000083b00000| Untracked 
|  60|0x0000000083c00000, 0x0000000083d00000, 0x0000000083d00000|100%| O|  |TAMS 0x0000000083d00000, 0x0000000083c00000| Untracked 
|  61|0x0000000083d00000, 0x0000000083e00000, 0x0000000083e00000|100%| O|  |TAMS 0x0000000083e00000, 0x0000000083d00000| Untracked 
|  62|0x0000000083e00000, 0x0000000083f00000, 0x0000000083f00000|100%| O|  |TAMS 0x0000000083f00000, 0x0000000083e00000| Untracked 
|  63|0x0000000083f00000, 0x0000000084000000, 0x0000000084000000|100%| O|  |TAMS 0x0000000084000000, 0x0000000083f00000| Untracked 
|  64|0x0000000084000000, 0x0000000084100000, 0x0000000084100000|100%| O|  |TAMS 0x0000000084100000, 0x0000000084000000| Untracked 
|  65|0x0000000084100000, 0x0000000084200000, 0x0000000084200000|100%| O|  |TAMS 0x0000000084200000, 0x0000000084100000| Untracked 
|  66|0x0000000084200000, 0x0000000084300000, 0x0000000084300000|100%| O|  |TAMS 0x0000000084300000, 0x0000000084200000| Untracked 
|  67|0x0000000084300000, 0x0000000084400000, 0x0000000084400000|100%| O|  |TAMS 0x0000000084400000, 0x0000000084300000| Untracked 
|  68|0x0000000084400000, 0x0000000084500000, 0x0000000084500000|100%| O|  |TAMS 0x0000000084500000, 0x0000000084400000| Untracked 
|  69|0x0000000084500000, 0x0000000084600000, 0x0000000084600000|100%| O|  |TAMS 0x0000000084600000, 0x0000000084500000| Untracked 
|  70|0x0000000084600000, 0x0000000084700000, 0x0000000084700000|100%| O|  |TAMS 0x0000000084700000, 0x0000000084600000| Untracked 
|  71|0x0000000084700000, 0x0000000084800000, 0x0000000084800000|100%| O|  |TAMS 0x0000000084800000, 0x0000000084700000| Untracked 
|  72|0x0000000084800000, 0x0000000084900000, 0x0000000084900000|100%| O|  |TAMS 0x0000000084900000, 0x0000000084800000| Untracked 
|  73|0x0000000084900000, 0x0000000084a00000, 0x0000000084a00000|100%| O|  |TAMS 0x0000000084a00000, 0x0000000084900000| Untracked 
|  74|0x0000000084a00000, 0x0000000084b00000, 0x0000000084b00000|100%| O|  |TAMS 0x0000000084b00000, 0x0000000084a00000| Untracked 
|  75|0x0000000084b00000, 0x0000000084c00000, 0x0000000084c00000|100%| O|  |TAMS 0x0000000084c00000, 0x0000000084b00000| Untracked 
|  76|0x0000000084c00000, 0x0000000084d00000, 0x0000000084d00000|100%|HS|  |TAMS 0x0000000084d00000, 0x0000000084c00000| Complete 
|  77|0x0000000084d00000, 0x0000000084e00000, 0x0000000084e00000|100%|HC|  |TAMS 0x0000000084e00000, 0x0000000084d00000| Complete 
|  78|0x0000000084e00000, 0x0000000084f00000, 0x0000000084f00000|100%| O|  |TAMS 0x0000000084f00000, 0x0000000084e00000| Untracked 
|  79|0x0000000084f00000, 0x0000000085000000, 0x0000000085000000|100%| O|  |TAMS 0x0000000085000000, 0x0000000084f00000| Untracked 
|  80|0x0000000085000000, 0x0000000085100000, 0x0000000085100000|100%| O|  |TAMS 0x0000000085100000, 0x0000000085000000| Untracked 
|  81|0x0000000085100000, 0x0000000085200000, 0x0000000085200000|100%| O|  |TAMS 0x0000000085200000, 0x0000000085100000| Untracked 
|  82|0x0000000085200000, 0x0000000085300000, 0x0000000085300000|100%| O|  |TAMS 0x0000000085300000, 0x0000000085200000| Untracked 
|  83|0x0000000085300000, 0x0000000085400000, 0x0000000085400000|100%| O|  |TAMS 0x0000000085400000, 0x0000000085300000| Untracked 
|  84|0x0000000085400000, 0x0000000085500000, 0x0000000085500000|100%| O|  |TAMS 0x0000000085500000, 0x0000000085400000| Untracked 
|  85|0x0000000085500000, 0x0000000085600000, 0x0000000085600000|100%| O|  |TAMS 0x0000000085600000, 0x0000000085500000| Untracked 
|  86|0x0000000085600000, 0x0000000085700000, 0x0000000085700000|100%| O|  |TAMS 0x0000000085700000, 0x0000000085600000| Untracked 
|  87|0x0000000085700000, 0x0000000085800000, 0x0000000085800000|100%| O|  |TAMS 0x0000000085800000, 0x0000000085700000| Untracked 
|  88|0x0000000085800000, 0x0000000085900000, 0x0000000085900000|100%| O|  |TAMS 0x0000000085900000, 0x0000000085800000| Untracked 
|  89|0x0000000085900000, 0x0000000085a00000, 0x0000000085a00000|100%| O|  |TAMS 0x0000000085a00000, 0x0000000085900000| Untracked 
|  90|0x0000000085a00000, 0x0000000085b00000, 0x0000000085b00000|100%| O|  |TAMS 0x0000000085b00000, 0x0000000085a00000| Untracked 
|  91|0x0000000085b00000, 0x0000000085c00000, 0x0000000085c00000|100%| O|  |TAMS 0x0000000085c00000, 0x0000000085b00000| Untracked 
|  92|0x0000000085c00000, 0x0000000085d00000, 0x0000000085d00000|100%| O|  |TAMS 0x0000000085d00000, 0x0000000085c00000| Untracked 
|  93|0x0000000085d00000, 0x0000000085e00000, 0x0000000085e00000|100%| O|  |TAMS 0x0000000085e00000, 0x0000000085d00000| Untracked 
|  94|0x0000000085e00000, 0x0000000085f00000, 0x0000000085f00000|100%| O|  |TAMS 0x0000000085f00000, 0x0000000085e00000| Untracked 
|  95|0x0000000085f00000, 0x0000000086000000, 0x0000000086000000|100%| O|  |TAMS 0x0000000086000000, 0x0000000085f00000| Untracked 
|  96|0x0000000086000000, 0x0000000086100000, 0x0000000086100000|100%| O|  |TAMS 0x0000000086100000, 0x0000000086000000| Untracked 
|  97|0x0000000086100000, 0x0000000086200000, 0x0000000086200000|100%| O|  |TAMS 0x0000000086200000, 0x0000000086100000| Untracked 
|  98|0x0000000086200000, 0x0000000086300000, 0x0000000086300000|100%| O|  |TAMS 0x0000000086300000, 0x0000000086200000| Untracked 
|  99|0x0000000086300000, 0x0000000086400000, 0x0000000086400000|100%| O|  |TAMS 0x0000000086400000, 0x0000000086300000| Untracked 
| 100|0x0000000086400000, 0x0000000086500000, 0x0000000086500000|100%| O|  |TAMS 0x0000000086500000, 0x0000000086400000| Untracked 
| 101|0x0000000086500000, 0x0000000086600000, 0x0000000086600000|100%| O|  |TAMS 0x0000000086600000, 0x0000000086500000| Untracked 
| 102|0x0000000086600000, 0x0000000086700000, 0x0000000086700000|100%| O|  |TAMS 0x0000000086700000, 0x0000000086600000| Untracked 
| 103|0x0000000086700000, 0x0000000086800000, 0x0000000086800000|100%| O|  |TAMS 0x0000000086800000, 0x0000000086700000| Untracked 
| 104|0x0000000086800000, 0x0000000086900000, 0x0000000086900000|100%| O|  |TAMS 0x0000000086900000, 0x0000000086800000| Untracked 
| 105|0x0000000086900000, 0x0000000086a00000, 0x0000000086a00000|100%| O|  |TAMS 0x0000000086a00000, 0x0000000086900000| Untracked 
| 106|0x0000000086a00000, 0x0000000086b00000, 0x0000000086b00000|100%| O|  |TAMS 0x0000000086b00000, 0x0000000086a00000| Untracked 
| 107|0x0000000086b00000, 0x0000000086c00000, 0x0000000086c00000|100%| O|  |TAMS 0x0000000086c00000, 0x0000000086b00000| Untracked 
| 108|0x0000000086c00000, 0x0000000086d00000, 0x0000000086d00000|100%| O|  |TAMS 0x0000000086d00000, 0x0000000086c00000| Untracked 
| 109|0x0000000086d00000, 0x0000000086e00000, 0x0000000086e00000|100%| O|  |TAMS 0x0000000086e00000, 0x0000000086d00000| Untracked 
| 110|0x0000000086e00000, 0x0000000086f00000, 0x0000000086f00000|100%| O|  |TAMS 0x0000000086f00000, 0x0000000086e00000| Untracked 
| 111|0x0000000086f00000, 0x0000000087000000, 0x0000000087000000|100%| O|  |TAMS 0x0000000087000000, 0x0000000086f00000| Untracked 
| 112|0x0000000087000000, 0x0000000087100000, 0x0000000087100000|100%| O|  |TAMS 0x0000000087100000, 0x0000000087000000| Untracked 
| 113|0x0000000087100000, 0x0000000087200000, 0x0000000087200000|100%| O|  |TAMS 0x0000000087200000, 0x0000000087100000| Untracked 
| 114|0x0000000087200000, 0x0000000087300000, 0x0000000087300000|100%| O|  |TAMS 0x0000000087300000, 0x0000000087200000| Untracked 
| 115|0x0000000087300000, 0x0000000087400000, 0x0000000087400000|100%| O|  |TAMS 0x0000000087400000, 0x0000000087300000| Untracked 
| 116|0x0000000087400000, 0x0000000087500000, 0x0000000087500000|100%| O|  |TAMS 0x0000000087500000, 0x0000000087400000| Untracked 
| 117|0x0000000087500000, 0x0000000087600000, 0x0000000087600000|100%| O|  |TAMS 0x0000000087600000, 0x0000000087500000| Untracked 
| 118|0x0000000087600000, 0x0000000087700000, 0x0000000087700000|100%| O|  |TAMS 0x0000000087700000, 0x0000000087600000| Untracked 
| 119|0x0000000087700000, 0x0000000087800000, 0x0000000087800000|100%| O|  |TAMS 0x0000000087800000, 0x0000000087700000| Untracked 
| 120|0x0000000087800000, 0x0000000087900000, 0x0000000087900000|100%| O|  |TAMS 0x0000000087900000, 0x0000000087800000| Untracked 
| 121|0x0000000087900000, 0x0000000087a00000, 0x0000000087a00000|100%| O|  |TAMS 0x0000000087a00000, 0x0000000087900000| Untracked 
| 122|0x0000000087a00000, 0x0000000087b00000, 0x0000000087b00000|100%| O|  |TAMS 0x0000000087b00000, 0x0000000087a00000| Untracked 
| 123|0x0000000087b00000, 0x0000000087c00000, 0x0000000087c00000|100%| O|  |TAMS 0x0000000087c00000, 0x0000000087b00000| Untracked 
| 124|0x0000000087c00000, 0x0000000087d00000, 0x0000000087d00000|100%| O|  |TAMS 0x0000000087d00000, 0x0000000087c00000| Untracked 
| 125|0x0000000087d00000, 0x0000000087e00000, 0x0000000087e00000|100%| O|  |TAMS 0x0000000087e00000, 0x0000000087d00000| Untracked 
| 126|0x0000000087e00000, 0x0000000087f00000, 0x0000000087f00000|100%| O|  |TAMS 0x0000000087f00000, 0x0000000087e00000| Untracked 
| 127|0x0000000087f00000, 0x0000000088000000, 0x0000000088000000|100%| O|  |TAMS 0x0000000088000000, 0x0000000087f00000| Untracked 
| 128|0x0000000088000000, 0x0000000088100000, 0x0000000088100000|100%| O|  |TAMS 0x0000000088100000, 0x0000000088000000| Untracked 
| 129|0x0000000088100000, 0x0000000088200000, 0x0000000088200000|100%| O|  |TAMS 0x0000000088200000, 0x0000000088100000| Untracked 
| 130|0x0000000088200000, 0x0000000088300000, 0x0000000088300000|100%| O|  |TAMS 0x0000000088300000, 0x0000000088200000| Untracked 
| 131|0x0000000088300000, 0x0000000088400000, 0x0000000088400000|100%| O|  |TAMS 0x0000000088400000, 0x0000000088300000| Untracked 
| 132|0x0000000088400000, 0x0000000088500000, 0x0000000088500000|100%| O|  |TAMS 0x0000000088500000, 0x0000000088400000| Untracked 
| 133|0x0000000088500000, 0x0000000088600000, 0x0000000088600000|100%| O|  |TAMS 0x0000000088600000, 0x0000000088500000| Untracked 
| 134|0x0000000088600000, 0x0000000088700000, 0x0000000088700000|100%| O|  |TAMS 0x0000000088700000, 0x0000000088600000| Untracked 
| 135|0x0000000088700000, 0x0000000088800000, 0x0000000088800000|100%| O|  |TAMS 0x0000000088800000, 0x0000000088700000| Untracked 
| 136|0x0000000088800000, 0x0000000088900000, 0x0000000088900000|100%| O|  |TAMS 0x0000000088900000, 0x0000000088800000| Untracked 
| 137|0x0000000088900000, 0x0000000088a00000, 0x0000000088a00000|100%| O|  |TAMS 0x0000000088a00000, 0x0000000088900000| Untracked 
| 138|0x0000000088a00000, 0x0000000088b00000, 0x0000000088b00000|100%| O|  |TAMS 0x0000000088aa4c00, 0x0000000088a00000| Untracked 
| 139|0x0000000088b00000, 0x0000000088c00000, 0x0000000088c00000|100%| O|  |TAMS 0x0000000088b00000, 0x0000000088b00000| Untracked 
| 140|0x0000000088c00000, 0x0000000088d00000, 0x0000000088d00000|100%| O|  |TAMS 0x0000000088c00000, 0x0000000088c00000| Untracked 
| 141|0x0000000088d00000, 0x0000000088e00000, 0x0000000088e00000|100%| O|  |TAMS 0x0000000088d00000, 0x0000000088d00000| Untracked 
| 142|0x0000000088e00000, 0x0000000088f00000, 0x0000000088f00000|100%| O|  |TAMS 0x0000000088e00000, 0x0000000088e00000| Untracked 
| 143|0x0000000088f00000, 0x0000000089000000, 0x0000000089000000|100%| O|  |TAMS 0x0000000088f00000, 0x0000000088f00000| Untracked 
| 144|0x0000000089000000, 0x0000000089100000, 0x0000000089100000|100%| O|  |TAMS 0x0000000089000000, 0x0000000089000000| Untracked 
| 145|0x0000000089100000, 0x0000000089200000, 0x0000000089200000|100%| O|  |TAMS 0x0000000089100000, 0x0000000089100000| Untracked 
| 146|0x0000000089200000, 0x0000000089300000, 0x0000000089300000|100%| O|  |TAMS 0x0000000089200000, 0x0000000089200000| Untracked 
| 147|0x0000000089300000, 0x0000000089364c00, 0x0000000089400000| 39%| O|  |TAMS 0x0000000089300000, 0x0000000089300000| Untracked 
| 148|0x0000000089400000, 0x0000000089400000, 0x0000000089500000|  0%| F|  |TAMS 0x0000000089400000, 0x0000000089400000| Untracked 
| 149|0x0000000089500000, 0x0000000089500000, 0x0000000089600000|  0%| F|  |TAMS 0x0000000089500000, 0x0000000089500000| Untracked 
| 150|0x0000000089600000, 0x0000000089600000, 0x0000000089700000|  0%| F|  |TAMS 0x0000000089600000, 0x0000000089600000| Untracked 
| 151|0x0000000089700000, 0x0000000089700000, 0x0000000089800000|  0%| F|  |TAMS 0x0000000089700000, 0x0000000089700000| Untracked 
| 152|0x0000000089800000, 0x0000000089800000, 0x0000000089900000|  0%| F|  |TAMS 0x0000000089800000, 0x0000000089800000| Untracked 
| 153|0x0000000089900000, 0x0000000089900000, 0x0000000089a00000|  0%| F|  |TAMS 0x0000000089900000, 0x0000000089900000| Untracked 
| 154|0x0000000089a00000, 0x0000000089a00000, 0x0000000089b00000|  0%| F|  |TAMS 0x0000000089a00000, 0x0000000089a00000| Untracked 
| 155|0x0000000089b00000, 0x0000000089b00000, 0x0000000089c00000|  0%| F|  |TAMS 0x0000000089b00000, 0x0000000089b00000| Untracked 
| 156|0x0000000089c00000, 0x0000000089c00000, 0x0000000089d00000|  0%| F|  |TAMS 0x0000000089c00000, 0x0000000089c00000| Untracked 
| 157|0x0000000089d00000, 0x0000000089d00000, 0x0000000089e00000|  0%| F|  |TAMS 0x0000000089d00000, 0x0000000089d00000| Untracked 
| 158|0x0000000089e00000, 0x0000000089e00000, 0x0000000089f00000|  0%| F|  |TAMS 0x0000000089e00000, 0x0000000089e00000| Untracked 
| 159|0x0000000089f00000, 0x0000000089f00000, 0x000000008a000000|  0%| F|  |TAMS 0x0000000089f00000, 0x0000000089f00000| Untracked 
| 160|0x000000008a000000, 0x000000008a000000, 0x000000008a100000|  0%| F|  |TAMS 0x000000008a000000, 0x000000008a000000| Untracked 
| 161|0x000000008a100000, 0x000000008a100000, 0x000000008a200000|  0%| F|  |TAMS 0x000000008a100000, 0x000000008a100000| Untracked 
| 162|0x000000008a200000, 0x000000008a200000, 0x000000008a300000|  0%| F|  |TAMS 0x000000008a200000, 0x000000008a200000| Untracked 
| 163|0x000000008a300000, 0x000000008a300000, 0x000000008a400000|  0%| F|  |TAMS 0x000000008a300000, 0x000000008a300000| Untracked 
| 164|0x000000008a400000, 0x000000008a400000, 0x000000008a500000|  0%| F|  |TAMS 0x000000008a400000, 0x000000008a400000| Untracked 
| 165|0x000000008a500000, 0x000000008a500000, 0x000000008a600000|  0%| F|  |TAMS 0x000000008a500000, 0x000000008a500000| Untracked 
| 166|0x000000008a600000, 0x000000008a600000, 0x000000008a700000|  0%| F|  |TAMS 0x000000008a600000, 0x000000008a600000| Untracked 
| 167|0x000000008a700000, 0x000000008a700000, 0x000000008a800000|  0%| F|  |TAMS 0x000000008a700000, 0x000000008a700000| Untracked 
| 168|0x000000008a800000, 0x000000008a800000, 0x000000008a900000|  0%| F|  |TAMS 0x000000008a800000, 0x000000008a800000| Untracked 
| 169|0x000000008a900000, 0x000000008a900000, 0x000000008aa00000|  0%| F|  |TAMS 0x000000008a900000, 0x000000008a900000| Untracked 
| 170|0x000000008aa00000, 0x000000008aa00000, 0x000000008ab00000|  0%| F|  |TAMS 0x000000008aa00000, 0x000000008aa00000| Untracked 
| 171|0x000000008ab00000, 0x000000008ab00000, 0x000000008ac00000|  0%| F|  |TAMS 0x000000008ab00000, 0x000000008ab00000| Untracked 
| 172|0x000000008ac00000, 0x000000008ac00000, 0x000000008ad00000|  0%| F|  |TAMS 0x000000008ac00000, 0x000000008ac00000| Untracked 
| 173|0x000000008ad00000, 0x000000008ad00000, 0x000000008ae00000|  0%| F|  |TAMS 0x000000008ad00000, 0x000000008ad00000| Untracked 
| 174|0x000000008ae00000, 0x000000008ae00000, 0x000000008af00000|  0%| F|  |TAMS 0x000000008ae00000, 0x000000008ae00000| Untracked 
| 175|0x000000008af00000, 0x000000008af00000, 0x000000008b000000|  0%| F|  |TAMS 0x000000008af00000, 0x000000008af00000| Untracked 
| 176|0x000000008b000000, 0x000000008b000000, 0x000000008b100000|  0%| F|  |TAMS 0x000000008b000000, 0x000000008b000000| Untracked 
| 177|0x000000008b100000, 0x000000008b100000, 0x000000008b200000|  0%| F|  |TAMS 0x000000008b100000, 0x000000008b100000| Untracked 
| 178|0x000000008b200000, 0x000000008b200000, 0x000000008b300000|  0%| F|  |TAMS 0x000000008b200000, 0x000000008b200000| Untracked 
| 179|0x000000008b300000, 0x000000008b300000, 0x000000008b400000|  0%| F|  |TAMS 0x000000008b300000, 0x000000008b300000| Untracked 
| 180|0x000000008b400000, 0x000000008b400000, 0x000000008b500000|  0%| F|  |TAMS 0x000000008b400000, 0x000000008b400000| Untracked 
| 181|0x000000008b500000, 0x000000008b500000, 0x000000008b600000|  0%| F|  |TAMS 0x000000008b500000, 0x000000008b500000| Untracked 
| 182|0x000000008b600000, 0x000000008b600000, 0x000000008b700000|  0%| F|  |TAMS 0x000000008b600000, 0x000000008b600000| Untracked 
| 183|0x000000008b700000, 0x000000008b700000, 0x000000008b800000|  0%| F|  |TAMS 0x000000008b700000, 0x000000008b700000| Untracked 
| 184|0x000000008b800000, 0x000000008b800000, 0x000000008b900000|  0%| F|  |TAMS 0x000000008b800000, 0x000000008b800000| Untracked 
| 185|0x000000008b900000, 0x000000008b900000, 0x000000008ba00000|  0%| F|  |TAMS 0x000000008b900000, 0x000000008b900000| Untracked 
| 186|0x000000008ba00000, 0x000000008ba00000, 0x000000008bb00000|  0%| F|  |TAMS 0x000000008ba00000, 0x000000008ba00000| Untracked 
| 187|0x000000008bb00000, 0x000000008bb00000, 0x000000008bc00000|  0%| F|  |TAMS 0x000000008bb00000, 0x000000008bb00000| Untracked 
| 188|0x000000008bc00000, 0x000000008bc00000, 0x000000008bd00000|  0%| F|  |TAMS 0x000000008bc00000, 0x000000008bc00000| Untracked 
| 189|0x000000008bd00000, 0x000000008bd00000, 0x000000008be00000|  0%| F|  |TAMS 0x000000008bd00000, 0x000000008bd00000| Untracked 
| 190|0x000000008be00000, 0x000000008be00000, 0x000000008bf00000|  0%| F|  |TAMS 0x000000008be00000, 0x000000008be00000| Untracked 
| 191|0x000000008bf00000, 0x000000008bf00000, 0x000000008c000000|  0%| F|  |TAMS 0x000000008bf00000, 0x000000008bf00000| Untracked 
| 192|0x000000008c000000, 0x000000008c000000, 0x000000008c100000|  0%| F|  |TAMS 0x000000008c000000, 0x000000008c000000| Untracked 
| 193|0x000000008c100000, 0x000000008c100000, 0x000000008c200000|  0%| F|  |TAMS 0x000000008c100000, 0x000000008c100000| Untracked 
| 194|0x000000008c200000, 0x000000008c200000, 0x000000008c300000|  0%| F|  |TAMS 0x000000008c200000, 0x000000008c200000| Untracked 
| 195|0x000000008c300000, 0x000000008c300000, 0x000000008c400000|  0%| F|  |TAMS 0x000000008c300000, 0x000000008c300000| Untracked 
| 196|0x000000008c400000, 0x000000008c400000, 0x000000008c500000|  0%| F|  |TAMS 0x000000008c400000, 0x000000008c400000| Untracked 
| 197|0x000000008c500000, 0x000000008c500000, 0x000000008c600000|  0%| F|  |TAMS 0x000000008c500000, 0x000000008c500000| Untracked 
| 198|0x000000008c600000, 0x000000008c600000, 0x000000008c700000|  0%| F|  |TAMS 0x000000008c600000, 0x000000008c600000| Untracked 
| 199|0x000000008c700000, 0x000000008c700000, 0x000000008c800000|  0%| F|  |TAMS 0x000000008c700000, 0x000000008c700000| Untracked 
| 200|0x000000008c800000, 0x000000008c800000, 0x000000008c900000|  0%| F|  |TAMS 0x000000008c800000, 0x000000008c800000| Untracked 
| 201|0x000000008c900000, 0x000000008c900000, 0x000000008ca00000|  0%| F|  |TAMS 0x000000008c900000, 0x000000008c900000| Untracked 
| 202|0x000000008ca00000, 0x000000008ca00000, 0x000000008cb00000|  0%| F|  |TAMS 0x000000008ca00000, 0x000000008ca00000| Untracked 
| 203|0x000000008cb00000, 0x000000008cb00000, 0x000000008cc00000|  0%| F|  |TAMS 0x000000008cb00000, 0x000000008cb00000| Untracked 
| 204|0x000000008cc00000, 0x000000008cc00000, 0x000000008cd00000|  0%| F|  |TAMS 0x000000008cc00000, 0x000000008cc00000| Untracked 
| 205|0x000000008cd00000, 0x000000008cd00000, 0x000000008ce00000|  0%| F|  |TAMS 0x000000008cd00000, 0x000000008cd00000| Untracked 
| 206|0x000000008ce00000, 0x000000008ce00000, 0x000000008cf00000|  0%| F|  |TAMS 0x000000008ce00000, 0x000000008ce00000| Untracked 
| 207|0x000000008cf00000, 0x000000008cf00000, 0x000000008d000000|  0%| F|  |TAMS 0x000000008cf00000, 0x000000008cf00000| Untracked 
| 208|0x000000008d000000, 0x000000008d000000, 0x000000008d100000|  0%| F|  |TAMS 0x000000008d000000, 0x000000008d000000| Untracked 
| 209|0x000000008d100000, 0x000000008d100000, 0x000000008d200000|  0%| F|  |TAMS 0x000000008d100000, 0x000000008d100000| Untracked 
| 210|0x000000008d200000, 0x000000008d200000, 0x000000008d300000|  0%| F|  |TAMS 0x000000008d200000, 0x000000008d200000| Untracked 
| 211|0x000000008d300000, 0x000000008d300000, 0x000000008d400000|  0%| F|  |TAMS 0x000000008d300000, 0x000000008d300000| Untracked 
| 212|0x000000008d400000, 0x000000008d400000, 0x000000008d500000|  0%| F|  |TAMS 0x000000008d400000, 0x000000008d400000| Untracked 
| 213|0x000000008d500000, 0x000000008d500000, 0x000000008d600000|  0%| F|  |TAMS 0x000000008d500000, 0x000000008d500000| Untracked 
| 214|0x000000008d600000, 0x000000008d600000, 0x000000008d700000|  0%| F|  |TAMS 0x000000008d600000, 0x000000008d600000| Untracked 
| 215|0x000000008d700000, 0x000000008d7f9b78, 0x000000008d800000| 97%| S|CS|TAMS 0x000000008d700000, 0x000000008d700000| Complete 
| 216|0x000000008d800000, 0x000000008d900000, 0x000000008d900000|100%| S|CS|TAMS 0x000000008d800000, 0x000000008d800000| Complete 
| 217|0x000000008d900000, 0x000000008da00000, 0x000000008da00000|100%| S|CS|TAMS 0x000000008d900000, 0x000000008d900000| Complete 
| 218|0x000000008da00000, 0x000000008db00000, 0x000000008db00000|100%| S|CS|TAMS 0x000000008da00000, 0x000000008da00000| Complete 
| 219|0x000000008db00000, 0x000000008dc00000, 0x000000008dc00000|100%| S|CS|TAMS 0x000000008db00000, 0x000000008db00000| Complete 
| 220|0x000000008dc00000, 0x000000008dc00000, 0x000000008dd00000|  0%| F|  |TAMS 0x000000008dc00000, 0x000000008dc00000| Untracked 
| 221|0x000000008dd00000, 0x000000008dd00000, 0x000000008de00000|  0%| F|  |TAMS 0x000000008dd00000, 0x000000008dd00000| Untracked 
| 222|0x000000008de00000, 0x000000008de00000, 0x000000008df00000|  0%| F|  |TAMS 0x000000008de00000, 0x000000008de00000| Untracked 
| 223|0x000000008df00000, 0x000000008df00000, 0x000000008e000000|  0%| F|  |TAMS 0x000000008df00000, 0x000000008df00000| Untracked 
| 224|0x000000008e000000, 0x000000008e000000, 0x000000008e100000|  0%| F|  |TAMS 0x000000008e000000, 0x000000008e000000| Untracked 
| 225|0x000000008e100000, 0x000000008e100000, 0x000000008e200000|  0%| F|  |TAMS 0x000000008e100000, 0x000000008e100000| Untracked 
| 226|0x000000008e200000, 0x000000008e200000, 0x000000008e300000|  0%| F|  |TAMS 0x000000008e200000, 0x000000008e200000| Untracked 
| 227|0x000000008e300000, 0x000000008e300000, 0x000000008e400000|  0%| F|  |TAMS 0x000000008e300000, 0x000000008e300000| Untracked 
| 228|0x000000008e400000, 0x000000008e400000, 0x000000008e500000|  0%| F|  |TAMS 0x000000008e400000, 0x000000008e400000| Untracked 
| 229|0x000000008e500000, 0x000000008e500000, 0x000000008e600000|  0%| F|  |TAMS 0x000000008e500000, 0x000000008e500000| Untracked 
| 230|0x000000008e600000, 0x000000008e600000, 0x000000008e700000|  0%| F|  |TAMS 0x000000008e600000, 0x000000008e600000| Untracked 
| 231|0x000000008e700000, 0x000000008e700000, 0x000000008e800000|  0%| F|  |TAMS 0x000000008e700000, 0x000000008e700000| Untracked 
| 232|0x000000008e800000, 0x000000008e800000, 0x000000008e900000|  0%| F|  |TAMS 0x000000008e800000, 0x000000008e800000| Untracked 
| 233|0x000000008e900000, 0x000000008e900000, 0x000000008ea00000|  0%| F|  |TAMS 0x000000008e900000, 0x000000008e900000| Untracked 
| 234|0x000000008ea00000, 0x000000008ea00000, 0x000000008eb00000|  0%| F|  |TAMS 0x000000008ea00000, 0x000000008ea00000| Untracked 
| 235|0x000000008eb00000, 0x000000008eb00000, 0x000000008ec00000|  0%| F|  |TAMS 0x000000008eb00000, 0x000000008eb00000| Untracked 
| 236|0x000000008ec00000, 0x000000008ec00000, 0x000000008ed00000|  0%| F|  |TAMS 0x000000008ec00000, 0x000000008ec00000| Untracked 
| 237|0x000000008ed00000, 0x000000008ed00000, 0x000000008ee00000|  0%| F|  |TAMS 0x000000008ed00000, 0x000000008ed00000| Untracked 
| 238|0x000000008ee00000, 0x000000008ee00000, 0x000000008ef00000|  0%| F|  |TAMS 0x000000008ee00000, 0x000000008ee00000| Untracked 
| 239|0x000000008ef00000, 0x000000008ef00000, 0x000000008f000000|  0%| F|  |TAMS 0x000000008ef00000, 0x000000008ef00000| Untracked 
| 240|0x000000008f000000, 0x000000008f000000, 0x000000008f100000|  0%| F|  |TAMS 0x000000008f000000, 0x000000008f000000| Untracked 
| 241|0x000000008f100000, 0x000000008f100000, 0x000000008f200000|  0%| F|  |TAMS 0x000000008f100000, 0x000000008f100000| Untracked 
| 242|0x000000008f200000, 0x000000008f200000, 0x000000008f300000|  0%| F|  |TAMS 0x000000008f200000, 0x000000008f200000| Untracked 
| 243|0x000000008f300000, 0x000000008f300000, 0x000000008f400000|  0%| F|  |TAMS 0x000000008f300000, 0x000000008f300000| Untracked 
| 244|0x000000008f400000, 0x000000008f400000, 0x000000008f500000|  0%| F|  |TAMS 0x000000008f400000, 0x000000008f400000| Untracked 
| 245|0x000000008f500000, 0x000000008f500000, 0x000000008f600000|  0%| F|  |TAMS 0x000000008f500000, 0x000000008f500000| Untracked 
| 246|0x000000008f600000, 0x000000008f600000, 0x000000008f700000|  0%| F|  |TAMS 0x000000008f600000, 0x000000008f600000| Untracked 
| 247|0x000000008f700000, 0x000000008f700000, 0x000000008f800000|  0%| F|  |TAMS 0x000000008f700000, 0x000000008f700000| Untracked 
| 248|0x000000008f800000, 0x000000008f800000, 0x000000008f900000|  0%| F|  |TAMS 0x000000008f800000, 0x000000008f800000| Untracked 
| 249|0x000000008f900000, 0x000000008f900000, 0x000000008fa00000|  0%| F|  |TAMS 0x000000008f900000, 0x000000008f900000| Untracked 
| 250|0x000000008fa00000, 0x000000008fa00000, 0x000000008fb00000|  0%| F|  |TAMS 0x000000008fa00000, 0x000000008fa00000| Untracked 
| 251|0x000000008fb00000, 0x000000008fb00000, 0x000000008fc00000|  0%| F|  |TAMS 0x000000008fb00000, 0x000000008fb00000| Untracked 
| 252|0x000000008fc00000, 0x000000008fc00000, 0x000000008fd00000|  0%| F|  |TAMS 0x000000008fc00000, 0x000000008fc00000| Untracked 
| 253|0x000000008fd00000, 0x000000008fd00000, 0x000000008fe00000|  0%| F|  |TAMS 0x000000008fd00000, 0x000000008fd00000| Untracked 
| 254|0x000000008fe00000, 0x000000008fe00000, 0x000000008ff00000|  0%| F|  |TAMS 0x000000008fe00000, 0x000000008fe00000| Untracked 
| 255|0x000000008ff00000, 0x000000008ff00000, 0x0000000090000000|  0%| F|  |TAMS 0x000000008ff00000, 0x000000008ff00000| Untracked 
| 256|0x0000000090000000, 0x0000000090000000, 0x0000000090100000|  0%| F|  |TAMS 0x0000000090000000, 0x0000000090000000| Untracked 
| 257|0x0000000090100000, 0x0000000090100000, 0x0000000090200000|  0%| F|  |TAMS 0x0000000090100000, 0x0000000090100000| Untracked 
| 258|0x0000000090200000, 0x0000000090200000, 0x0000000090300000|  0%| F|  |TAMS 0x0000000090200000, 0x0000000090200000| Untracked 
| 259|0x0000000090300000, 0x0000000090300000, 0x0000000090400000|  0%| F|  |TAMS 0x0000000090300000, 0x0000000090300000| Untracked 
| 260|0x0000000090400000, 0x0000000090400000, 0x0000000090500000|  0%| F|  |TAMS 0x0000000090400000, 0x0000000090400000| Untracked 
| 261|0x0000000090500000, 0x0000000090500000, 0x0000000090600000|  0%| F|  |TAMS 0x0000000090500000, 0x0000000090500000| Untracked 
| 262|0x0000000090600000, 0x0000000090600000, 0x0000000090700000|  0%| F|  |TAMS 0x0000000090600000, 0x0000000090600000| Untracked 
| 263|0x0000000090700000, 0x0000000090700000, 0x0000000090800000|  0%| F|  |TAMS 0x0000000090700000, 0x0000000090700000| Untracked 
| 264|0x0000000090800000, 0x0000000090800000, 0x0000000090900000|  0%| F|  |TAMS 0x0000000090800000, 0x0000000090800000| Untracked 
| 265|0x0000000090900000, 0x0000000090900000, 0x0000000090a00000|  0%| F|  |TAMS 0x0000000090900000, 0x0000000090900000| Untracked 
| 266|0x0000000090a00000, 0x0000000090a00000, 0x0000000090b00000|  0%| F|  |TAMS 0x0000000090a00000, 0x0000000090a00000| Untracked 
| 267|0x0000000090b00000, 0x0000000090b00000, 0x0000000090c00000|  0%| F|  |TAMS 0x0000000090b00000, 0x0000000090b00000| Untracked 
| 268|0x0000000090c00000, 0x0000000090c00000, 0x0000000090d00000|  0%| F|  |TAMS 0x0000000090c00000, 0x0000000090c00000| Untracked 
| 269|0x0000000090d00000, 0x0000000090d00000, 0x0000000090e00000|  0%| F|  |TAMS 0x0000000090d00000, 0x0000000090d00000| Untracked 
| 270|0x0000000090e00000, 0x0000000090e00000, 0x0000000090f00000|  0%| F|  |TAMS 0x0000000090e00000, 0x0000000090e00000| Untracked 
| 271|0x0000000090f00000, 0x0000000090f00000, 0x0000000091000000|  0%| F|  |TAMS 0x0000000090f00000, 0x0000000090f00000| Untracked 
| 272|0x0000000091000000, 0x0000000091000000, 0x0000000091100000|  0%| F|  |TAMS 0x0000000091000000, 0x0000000091000000| Untracked 
| 273|0x0000000091100000, 0x0000000091100000, 0x0000000091200000|  0%| F|  |TAMS 0x0000000091100000, 0x0000000091100000| Untracked 
| 274|0x0000000091200000, 0x0000000091200000, 0x0000000091300000|  0%| F|  |TAMS 0x0000000091200000, 0x0000000091200000| Untracked 
| 275|0x0000000091300000, 0x0000000091300000, 0x0000000091400000|  0%| F|  |TAMS 0x0000000091300000, 0x0000000091300000| Untracked 
| 276|0x0000000091400000, 0x0000000091400000, 0x0000000091500000|  0%| F|  |TAMS 0x0000000091400000, 0x0000000091400000| Untracked 
| 277|0x0000000091500000, 0x0000000091500000, 0x0000000091600000|  0%| F|  |TAMS 0x0000000091500000, 0x0000000091500000| Untracked 
| 278|0x0000000091600000, 0x0000000091600000, 0x0000000091700000|  0%| F|  |TAMS 0x0000000091600000, 0x0000000091600000| Untracked 

Card table byte_map: [0x000001d8138a0000,0x000001d813ca0000] _byte_map_base: 0x000001d8134a0000

Marking Bits (Prev, Next): (CMBitMap*) 0x000001d87e122e38, (CMBitMap*) 0x000001d87e122e70
 Prev Bits: [0x000001d8140a0000, 0x000001d8160a0000)
 Next Bits: [0x000001d8160a0000, 0x000001d8180a0000)

Polling page: 0x000001d800000000

Metaspace:

Usage:
  Non-class:     81.00 MB capacity,    79.40 MB ( 98%) used,     1.29 MB (  2%) free+waste,   311.50 KB ( <1%) overhead. 
      Class:     13.03 MB capacity,    12.01 MB ( 92%) used,   891.41 KB (  7%) free+waste,   150.38 KB (  1%) overhead. 
       Both:     94.03 MB capacity,    91.41 MB ( 97%) used,     2.16 MB (  2%) free+waste,   461.88 KB ( <1%) overhead. 

Virtual space:
  Non-class space:       82.00 MB reserved,      81.00 MB ( 99%) committed 
      Class space:        1.00 GB reserved,      13.07 MB (  1%) committed 
             Both:        1.08 GB reserved,      94.07 MB (  9%) committed 

Chunk freelists:
   Non-Class:  5.00 KB
       Class:  31.00 KB
        Both:  36.00 KB

MaxMetaspaceSize: 17179869184.00 GB
CompressedClassSpaceSize: 1.00 GB

CodeHeap 'non-profiled nmethods': size=120000Kb used=8187Kb max_used=8187Kb free=111812Kb
 bounds [0x000001d80b500000, 0x000001d80bd00000, 0x000001d812a30000]
CodeHeap 'profiled nmethods': size=120000Kb used=25736Kb max_used=25736Kb free=94263Kb
 bounds [0x000001d803fd0000, 0x000001d805900000, 0x000001d80b500000]
CodeHeap 'non-nmethods': size=5760Kb used=2292Kb max_used=2360Kb free=3467Kb
 bounds [0x000001d803a30000, 0x000001d803ca0000, 0x000001d803fd0000]
 total_blobs=13043 nmethods=12146 adapters=808
 compilation: enabled
              stopped_count=0, restarted_count=0
 full_count=0

Compilation events (20 events):
Event: 71.599 Thread 0x000001d81b432800 nmethod 12159 0x000001d8058f0d10 code [0x000001d8058f0ec0, 0x000001d8058f1038]
Event: 71.599 Thread 0x000001d81b432800 12023       1       com.android.tools.r8.internal.x8::c (5 bytes)
Event: 71.599 Thread 0x000001d81b432800 nmethod 12023 0x000001d80bcfc910 code [0x000001d80bcfcac0, 0x000001d80bcfcb78]
Event: 71.599 Thread 0x000001d81b432800 12211       1       com.android.tools.r8.graph.X::T (5 bytes)
Event: 71.600 Thread 0x000001d81b432800 nmethod 12211 0x000001d80bcfcc10 code [0x000001d80bcfcdc0, 0x000001d80bcfce78]
Event: 71.600 Thread 0x000001d81b432800 12200       1       com.android.tools.r8.internal.Gg::c (2 bytes)
Event: 71.600 Thread 0x000001d81b432800 nmethod 12200 0x000001d80bcfcf10 code [0x000001d80bcfd0c0, 0x000001d80bcfd178]
Event: 71.600 Thread 0x000001d81b432800 12203       1       com.android.tools.r8.internal.qa::W (5 bytes)
Event: 71.600 Thread 0x000001d81b432800 nmethod 12203 0x000001d80bcfd210 code [0x000001d80bcfd3c0, 0x000001d80bcfd478]
Event: 71.600 Thread 0x000001d81b432800 12204       1       com.android.tools.r8.internal.G3::a (5 bytes)
Event: 71.600 Thread 0x000001d821644800 nmethod 12173 0x000001d80bcfd510 code [0x000001d80bcfd720, 0x000001d80bcfde68]
Event: 71.600 Thread 0x000001d821644800 12198       4       com.android.tools.r8.internal.oh::d (46 bytes)
Event: 71.603 Thread 0x000001d81b432800 nmethod 12204 0x000001d80bcfe290 code [0x000001d80bcfe440, 0x000001d80bcfe4f8]
Event: 71.603 Thread 0x000001d81b432800 12221       3       com.android.tools.r8.internal.Gg::<init> (82 bytes)
Event: 71.603 Thread 0x000001d821644800 nmethod 12198 0x000001d80bcfe590 code [0x000001d80bcfe720, 0x000001d80bcfe818]
Event: 71.603 Thread 0x000001d821644800 12172       4       java.lang.StrictMath::floorOrCeil (128 bytes)
Event: 71.604 Thread 0x000001d81b432800 nmethod 12221 0x000001d8058f1110 code [0x000001d8058f1360, 0x000001d8058f1dc8]
Event: 71.604 Thread 0x000001d81b432800 12216       3       com.android.tools.r8.internal.Ne::c (83 bytes)
Event: 71.604 Thread 0x000001d821644800 nmethod 12172 0x000001d80bcfe910 code [0x000001d80bcfeac0, 0x000001d80bcfebd8]
Event: 71.604 Thread 0x000001d821644800 12223       4       com.android.tools.r8.internal.l8::a (40 bytes)

GC Heap History (20 events):
Event: 69.796 GC heap after
{Heap after GC invocations=41 (full 0):
 garbage-first heap   total 131072K, used 110713K [0x0000000080000000, 0x0000000100000000)
  region size 1024K, 1 young (1024K), 1 survivors (1024K)
 Metaspace       used 86936K, capacity 89040K, committed 89804K, reserved 1126400K
  class space    used 11175K, capacity 11948K, committed 12236K, reserved 1048576K
}
Event: 69.806 GC heap before
{Heap before GC invocations=41 (full 0):
 garbage-first heap   total 131072K, used 114809K [0x0000000080000000, 0x0000000100000000)
  region size 1024K, 6 young (6144K), 1 survivors (1024K)
 Metaspace       used 86943K, capacity 89042K, committed 89804K, reserved 1126400K
  class space    used 11175K, capacity 11948K, committed 12236K, reserved 1048576K
}
Event: 69.812 GC heap after
{Heap after GC invocations=42 (full 0):
 garbage-first heap   total 131072K, used 113053K [0x0000000080000000, 0x0000000100000000)
  region size 1024K, 1 young (1024K), 1 survivors (1024K)
 Metaspace       used 86943K, capacity 89042K, committed 89804K, reserved 1126400K
  class space    used 11175K, capacity 11948K, committed 12236K, reserved 1048576K
}
Event: 69.960 GC heap before
{Heap before GC invocations=42 (full 0):
 garbage-first heap   total 131072K, used 117149K [0x0000000080000000, 0x0000000100000000)
  region size 1024K, 6 young (6144K), 1 survivors (1024K)
 Metaspace       used 86955K, capacity 89044K, committed 89804K, reserved 1126400K
  class space    used 11175K, capacity 11948K, committed 12236K, reserved 1048576K
}
Event: 69.966 GC heap after
{Heap after GC invocations=43 (full 0):
 garbage-first heap   total 157696K, used 114688K [0x0000000080000000, 0x0000000100000000)
  region size 1024K, 1 young (1024K), 1 survivors (1024K)
 Metaspace       used 86955K, capacity 89044K, committed 89804K, reserved 1126400K
  class space    used 11175K, capacity 11948K, committed 12236K, reserved 1048576K
}
Event: 70.015 GC heap before
{Heap before GC invocations=43 (full 0):
 garbage-first heap   total 157696K, used 124928K [0x0000000080000000, 0x0000000100000000)
  region size 1024K, 11 young (11264K), 1 survivors (1024K)
 Metaspace       used 87169K, capacity 89291K, committed 89804K, reserved 1126400K
  class space    used 11216K, capacity 12012K, committed 12236K, reserved 1048576K
}
Event: 70.020 GC heap after
{Heap after GC invocations=44 (full 0):
 garbage-first heap   total 157696K, used 116980K [0x0000000080000000, 0x0000000100000000)
  region size 1024K, 2 young (2048K), 2 survivors (2048K)
 Metaspace       used 87169K, capacity 89291K, committed 89804K, reserved 1126400K
  class space    used 11216K, capacity 12012K, committed 12236K, reserved 1048576K
}
Event: 70.163 GC heap before
{Heap before GC invocations=45 (full 0):
 garbage-first heap   total 157696K, used 125172K [0x0000000080000000, 0x0000000100000000)
  region size 1024K, 11 young (11264K), 2 survivors (2048K)
 Metaspace       used 87924K, capacity 90166K, committed 90316K, reserved 1128448K
  class space    used 11338K, capacity 12157K, committed 12236K, reserved 1048576K
}
Event: 70.169 GC heap after
{Heap after GC invocations=46 (full 0):
 garbage-first heap   total 157696K, used 118922K [0x0000000080000000, 0x0000000100000000)
  region size 1024K, 2 young (2048K), 2 survivors (2048K)
 Metaspace       used 87924K, capacity 90166K, committed 90316K, reserved 1128448K
  class space    used 11338K, capacity 12157K, committed 12236K, reserved 1048576K
}
Event: 70.191 GC heap before
{Heap before GC invocations=46 (full 0):
 garbage-first heap   total 157696K, used 128138K [0x0000000080000000, 0x0000000100000000)
  region size 1024K, 11 young (11264K), 2 survivors (2048K)
 Metaspace       used 88029K, capacity 90327K, committed 90700K, reserved 1128448K
  class space    used 11354K, capacity 12189K, committed 12364K, reserved 1048576K
}
Event: 70.197 GC heap after
{Heap after GC invocations=47 (full 0):
 garbage-first heap   total 157696K, used 120663K [0x0000000080000000, 0x0000000100000000)
  region size 1024K, 2 young (2048K), 2 survivors (2048K)
 Metaspace       used 88029K, capacity 90327K, committed 90700K, reserved 1128448K
  class space    used 11354K, capacity 12189K, committed 12364K, reserved 1048576K
}
Event: 70.229 GC heap before
{Heap before GC invocations=47 (full 0):
 garbage-first heap   total 157696K, used 129879K [0x0000000080000000, 0x0000000100000000)
  region size 1024K, 11 young (11264K), 2 survivors (2048K)
 Metaspace       used 88040K, capacity 90327K, committed 90700K, reserved 1128448K
  class space    used 11356K, capacity 12189K, committed 12364K, reserved 1048576K
}
Event: 70.237 GC heap after
{Heap after GC invocations=48 (full 0):
 garbage-first heap   total 285696K, used 122665K [0x0000000080000000, 0x0000000100000000)
  region size 1024K, 2 young (2048K), 2 survivors (2048K)
 Metaspace       used 88040K, capacity 90327K, committed 90700K, reserved 1128448K
  class space    used 11356K, capacity 12189K, committed 12364K, reserved 1048576K
}
Event: 70.486 GC heap before
{Heap before GC invocations=49 (full 0):
 garbage-first heap   total 285696K, used 173865K [0x0000000080000000, 0x0000000100000000)
  region size 1024K, 53 young (54272K), 2 survivors (2048K)
 Metaspace       used 88871K, capacity 91107K, committed 91468K, reserved 1128448K
  class space    used 11461K, capacity 12274K, committed 12364K, reserved 1048576K
}
Event: 70.498 GC heap after
{Heap after GC invocations=50 (full 0):
 garbage-first heap   total 285696K, used 131779K [0x0000000080000000, 0x0000000100000000)
  region size 1024K, 7 young (7168K), 7 survivors (7168K)
 Metaspace       used 88871K, capacity 91107K, committed 91468K, reserved 1128448K
  class space    used 11461K, capacity 12274K, committed 12364K, reserved 1048576K
}
Event: 70.659 GC heap before
{Heap before GC invocations=50 (full 0):
 garbage-first heap   total 285696K, used 184003K [0x0000000080000000, 0x0000000100000000)
  region size 1024K, 59 young (60416K), 7 survivors (7168K)
 Metaspace       used 90006K, capacity 92517K, committed 92620K, reserved 1128448K
  class space    used 11707K, capacity 12705K, committed 12748K, reserved 1048576K
}
Event: 70.676 GC heap after
{Heap after GC invocations=51 (full 0):
 garbage-first heap   total 285696K, used 140948K [0x0000000080000000, 0x0000000100000000)
  region size 1024K, 8 young (8192K), 8 survivors (8192K)
 Metaspace       used 90006K, capacity 92517K, committed 92620K, reserved 1128448K
  class space    used 11707K, capacity 12705K, committed 12748K, reserved 1048576K
}
Event: 70.764 GC heap before
{Heap before GC invocations=51 (full 0):
 garbage-first heap   total 285696K, used 195220K [0x0000000080000000, 0x0000000100000000)
  region size 1024K, 61 young (62464K), 8 survivors (8192K)
 Metaspace       used 90869K, capacity 93495K, committed 93644K, reserved 1130496K
  class space    used 11893K, capacity 12914K, committed 13004K, reserved 1048576K
}
Event: 70.780 GC heap after
{Heap after GC invocations=52 (full 0):
 garbage-first heap   total 285696K, used 150163K [0x0000000080000000, 0x0000000100000000)
  region size 1024K, 8 young (8192K), 8 survivors (8192K)
 Metaspace       used 90869K, capacity 93495K, committed 93644K, reserved 1130496K
  class space    used 11893K, capacity 12914K, committed 13004K, reserved 1048576K
}
Event: 71.604 GC heap before
{Heap before GC invocations=53 (full 0):
 garbage-first heap   total 285696K, used 203411K [0x0000000080000000, 0x0000000100000000)
  region size 1024K, 61 young (62464K), 8 survivors (8192K)
 Metaspace       used 93605K, capacity 96284K, committed 96332K, reserved 1132544K
  class space    used 12303K, capacity 13345K, committed 13388K, reserved 1048576K
}

Deoptimization events (20 events):
Event: 71.484 Thread 0x000001d820ab6000 DEOPT PACKING pc=0x000001d80bce2e9c sp=0x00000056185f9cd0
Event: 71.484 Thread 0x000001d820ab6000 DEOPT UNPACKING pc=0x000001d803a578af sp=0x00000056185f9cd8 mode 2
Event: 71.484 Thread 0x000001d820ab6000 Uncommon trap: trap_request=0xffffffbe fr.pc=0x000001d80bce2e9c relative=0x0000000000000c7c
Event: 71.484 Thread 0x000001d820ab6000 Uncommon trap: reason=profile_predicate action=maybe_recompile pc=0x000001d80bce2e9c method=com.android.tools.r8.internal.xj.b(Ljava/lang/Iterable;Lcom/android/tools/r8/internal/aw;)Z @ 22 c2
Event: 71.484 Thread 0x000001d820ab6000 DEOPT PACKING pc=0x000001d80bce2e9c sp=0x00000056185f9cd0
Event: 71.484 Thread 0x000001d820ab6000 DEOPT UNPACKING pc=0x000001d803a578af sp=0x00000056185f9cd8 mode 2
Event: 71.519 Thread 0x000001d820ab2000 DEOPT PACKING pc=0x000001d8057dfe63 sp=0x00000056184f92d0
Event: 71.519 Thread 0x000001d820ab2000 DEOPT UNPACKING pc=0x000001d803a576ce sp=0x00000056184f8760 mode 0
Event: 71.530 Thread 0x000001d820ab3800 Uncommon trap: trap_request=0xffffff4d fr.pc=0x000001d80bc29ef4 relative=0x0000000000001154
Event: 71.530 Thread 0x000001d820ab3800 Uncommon trap: reason=unstable_if action=reinterpret pc=0x000001d80bc29ef4 method=com.android.tools.r8.graph.a0.g(Ljava/lang/Object;)Z @ 37 c2
Event: 71.530 Thread 0x000001d820ab3800 DEOPT PACKING pc=0x000001d80bc29ef4 sp=0x0000005617ff83a0
Event: 71.530 Thread 0x000001d820ab3800 DEOPT UNPACKING pc=0x000001d803a578af sp=0x0000005617ff8178 mode 2
Event: 71.530 Thread 0x000001d820ab3800 Uncommon trap: trap_request=0xffffff4d fr.pc=0x000001d80bc3cee8 relative=0x00000000000002a8
Event: 71.530 Thread 0x000001d820ab3800 Uncommon trap: reason=unstable_if action=reinterpret pc=0x000001d80bc3cee8 method=com.android.tools.r8.graph.a0.g(Ljava/lang/Object;)Z @ 37 c2
Event: 71.530 Thread 0x000001d820ab3800 DEOPT PACKING pc=0x000001d80bc3cee8 sp=0x0000005617ff8160
Event: 71.530 Thread 0x000001d820ab3800 DEOPT UNPACKING pc=0x000001d803a578af sp=0x0000005617ff8100 mode 2
Event: 71.540 Thread 0x000001d820ab2000 Uncommon trap: trap_request=0xffffff7e fr.pc=0x000001d80bbdede4 relative=0x0000000000000244
Event: 71.540 Thread 0x000001d820ab2000 Uncommon trap: reason=predicate action=maybe_recompile pc=0x000001d80bbdede4 method=com.android.tools.r8.graph.c0.a([C)I @ 8 c2
Event: 71.540 Thread 0x000001d820ab2000 DEOPT PACKING pc=0x000001d80bbdede4 sp=0x00000056184fa0e0
Event: 71.540 Thread 0x000001d820ab2000 DEOPT UNPACKING pc=0x000001d803a578af sp=0x00000056184fa068 mode 2

Classes redefined (0 events):
No events

Internal exceptions (20 events):
Event: 70.111 Thread 0x000001d820ab4800 Implicit null exception at 0x000001d80bc2c2c5 to 0x000001d80bc2df44
Event: 70.111 Thread 0x000001d820ab1800 Implicit null exception at 0x000001d80bc2c2c5 to 0x000001d80bc2df44
Event: 70.540 Thread 0x000001d820ab1800 Exception <a 'java/lang/NoSuchMethodError'{0x0000000090f800e8}: 'java.lang.Object java.lang.invoke.DirectMethodHandle$Holder.invokeStatic(java.lang.Object, int, java.lang.Object, java.lang.Object)'> (0x0000000090f800e8) thrown at [./src/hotspot/share/interpreter/linkResolver.cpp, line 773]
Event: 70.540 Thread 0x000001d820ab3800 Exception <a 'java/lang/NoSuchMethodError'{0x0000000090fee158}: 'java.lang.Object java.lang.invoke.DirectMethodHandle$Holder.invokeStatic(java.lang.Object, int, java.lang.Object, java.lang.Object)'> (0x0000000090fee158) thrown at [./src/hotspot/share/interpreter/linkResolver.cpp, line 773]
Event: 70.542 Thread 0x000001d820ab6000 Exception <a 'java/lang/NoSuchMethodError'{0x0000000090f9d0b8}: 'java.lang.Object java.lang.invoke.DirectMethodHandle$Holder.invokeStatic(java.lang.Object, int, java.lang.Object, java.lang.Object)'> (0x0000000090f9d0b8) thrown at [./src/hotspot/share/interpreter/linkResolver.cpp, line 773]
Event: 70.555 Thread 0x000001d820ab3000 Exception <a 'java/lang/NoSuchMethodError'{0x0000000090e19e00}: 'int java.lang.invoke.DirectMethodHandle$Holder.invokeSpecial(java.lang.Object, java.lang.Object, java.lang.Object, java.lang.Object, java.lang.Object, java.lang.Object, java.lang.Object, java.lang.Object, java.lang.Object)'> (0x0000000090e19e00) thrown at [./src/hotspot/share/interpreter/linkResolver.cpp, line 773]
Event: 70.556 Thread 0x000001d820ab2000 Exception <a 'java/lang/NoSuchMethodError'{0x0000000090d1ee18}: 'int java.lang.invoke.DirectMethodHandle$Holder.invokeSpecial(java.lang.Object, java.lang.Object, java.lang.Object, java.lang.Object, java.lang.Object, java.lang.Object, java.lang.Object, java.lang.Object, java.lang.Object)'> (0x0000000090d1ee18) thrown at [./src/hotspot/share/interpreter/linkResolver.cpp, line 773]
Event: 70.556 Thread 0x000001d820ab1800 Exception <a 'java/lang/NoSuchMethodError'{0x0000000090d8e730}: 'java.lang.Object java.lang.invoke.Invokers$Holder.linkToTargetMethod(java.lang.Object, java.lang.Object, java.lang.Object, java.lang.Object, java.lang.Object, java.lang.Object, java.lang.Object, java.lang.Object)'> (0x0000000090d8e730) thrown at [./src/hotspot/share/interpreter/linkResolver.cpp, line 773]
Event: 70.556 Thread 0x000001d820ab0800 Exception <a 'java/lang/NoSuchMethodError'{0x0000000090ea5848}: 'java.lang.Object java.lang.invoke.Invokers$Holder.linkToTargetMethod(java.lang.Object, java.lang.Object, java.lang.Object, java.lang.Object, java.lang.Object, java.lang.Object, java.lang.Object, java.lang.Object)'> (0x0000000090ea5848) thrown at [./src/hotspot/share/interpreter/linkResolver.cpp, line 773]
Event: 70.556 Thread 0x000001d820ab3800 Exception <a 'java/lang/NoSuchMethodError'{0x0000000090d615a8}: 'int java.lang.invoke.DirectMethodHandle$Holder.invokeSpecial(java.lang.Object, java.lang.Object, java.lang.Object, java.lang.Object, java.lang.Object, java.lang.Object, java.lang.Object, java.lang.Object, java.lang.Object)'> (0x0000000090d615a8) thrown at [./src/hotspot/share/interpreter/linkResolver.cpp, line 773]
Event: 70.645 Thread 0x000001d820ab4800 Exception <a 'java/lang/NoSuchMethodError'{0x000000008eba4a48}: 'java.lang.Object java.lang.invoke.Invokers$Holder.linkToTargetMethod(java.lang.Object, java.lang.Object, java.lang.Object, java.lang.Object, java.lang.Object, java.lang.Object, java.lang.Object)'> (0x000000008eba4a48) thrown at [./src/hotspot/share/interpreter/linkResolver.cpp, line 773]
Event: 70.646 Thread 0x000001d820ab1800 Exception <a 'java/lang/NoSuchMethodError'{0x000000008fe129f8}: 'java.lang.Object java.lang.invoke.Invokers$Holder.linkToTargetMethod(java.lang.Object, java.lang.Object, java.lang.Object, java.lang.Object, java.lang.Object, java.lang.Object, java.lang.Object)'> (0x000000008fe129f8) thrown at [./src/hotspot/share/interpreter/linkResolver.cpp, line 773]
Event: 70.737 Thread 0x000001d820ab6000 Exception <a 'java/lang/NoSuchMethodError'{0x0000000090c36240}: 'java.lang.Object java.lang.invoke.DirectMethodHandle$Holder.invokeVirtual(java.lang.Object, java.lang.Object, int, java.lang.Object)'> (0x0000000090c36240) thrown at [./src/hotspot/share/interpreter/linkResolver.cpp, line 773]
Event: 70.737 Thread 0x000001d820ab3800 Exception <a 'java/lang/NoSuchMethodError'{0x000000009119a528}: 'java.lang.Object java.lang.invoke.DirectMethodHandle$Holder.invokeVirtual(java.lang.Object, java.lang.Object, int, java.lang.Object)'> (0x000000009119a528) thrown at [./src/hotspot/share/interpreter/linkResolver.cpp, line 773]
Event: 70.737 Thread 0x000001d820ab1800 Exception <a 'java/lang/NoSuchMethodError'{0x000000008f32cdd0}: 'java.lang.Object java.lang.invoke.DirectMethodHandle$Holder.invokeVirtual(java.lang.Object, java.lang.Object, int, java.lang.Object)'> (0x000000008f32cdd0) thrown at [./src/hotspot/share/interpreter/linkResolver.cpp, line 773]
Event: 70.738 Thread 0x000001d820ab4800 Exception <a 'java/lang/NoSuchMethodError'{0x000000008f14f8e0}: 'java.lang.Object java.lang.invoke.DirectMethodHandle$Holder.invokeVirtual(java.lang.Object, java.lang.Object, int, java.lang.Object)'> (0x000000008f14f8e0) thrown at [./src/hotspot/share/interpreter/linkResolver.cpp, line 773]
Event: 70.855 Thread 0x000001d820ab4800 Exception <a 'java/lang/NoSuchMethodError'{0x0000000090ebfb08}: 'void java.lang.invoke.DirectMethodHandle$Holder.invokeVirtual(java.lang.Object, java.lang.Object, int, java.lang.Object)'> (0x0000000090ebfb08) thrown at [./src/hotspot/share/interpreter/linkResolver.cpp, line 773]
Event: 70.971 Thread 0x000001d820ab4800 Exception <a 'java/lang/NoSuchMethodError'{0x000000009098da38}: 'int java.lang.invoke.DirectMethodHandle$Holder.invokeSpecial(java.lang.Object, java.lang.Object, java.lang.Object, int, java.lang.Object)'> (0x000000009098da38) thrown at [./src/hotspot/share/interpreter/linkResolver.cpp, line 773]
Event: 70.971 Thread 0x000001d820ab2000 Exception <a 'java/lang/NoSuchMethodError'{0x0000000090908598}: 'int java.lang.invoke.DirectMethodHandle$Holder.invokeSpecial(java.lang.Object, java.lang.Object, java.lang.Object, int, java.lang.Object)'> (0x0000000090908598) thrown at [./src/hotspot/share/interpreter/linkResolver.cpp, line 773]
Event: 71.036 Thread 0x000001d820ab1800 Exception <a 'java/lang/NoSuchMethodError'{0x0000000090415190}: 'java.lang.Object java.lang.invoke.DirectMethodHandle$Holder.invokeInterface(java.lang.Object, java.lang.Object, int)'> (0x0000000090415190) thrown at [./src/hotspot/share/interpreter/linkResolver.cpp, line 773]

Events (20 events):
Event: 71.589 loading class com/android/tools/r8/code/j2 done
Event: 71.589 loading class com/android/tools/r8/code/i2
Event: 71.589 loading class com/android/tools/r8/code/i2 done
Event: 71.590 loading class com/android/tools/r8/code/O0
Event: 71.590 loading class com/android/tools/r8/code/O0 done
Event: 71.590 loading class com/android/tools/r8/code/r2
Event: 71.590 loading class com/android/tools/r8/code/r2 done
Event: 71.591 loading class com/android/tools/r8/code/l2
Event: 71.591 loading class com/android/tools/r8/code/l2 done
Event: 71.597 loading class com/android/tools/r8/code/g2
Event: 71.597 loading class com/android/tools/r8/code/g2 done
Event: 71.598 loading class com/android/tools/r8/code/q2
Event: 71.598 loading class com/android/tools/r8/code/q2 done
Event: 71.599 loading class com/android/tools/r8/code/k2
Event: 71.599 loading class com/android/tools/r8/code/k2 done
Event: 71.600 Executing VM operation: ICBufferFull
Event: 71.600 Executing VM operation: ICBufferFull done
Event: 71.602 loading class com/android/tools/r8/internal/Dt$a
Event: 71.602 loading class com/android/tools/r8/internal/Dt$a done
Event: 71.604 Executing VM operation: G1CollectForAllocation


Dynamic libraries:
0x00007ff799130000 - 0x00007ff79913a000 	C:\Program Files\Android\Android Studio\jre\bin\java.exe
0x00007ffeff340000 - 0x00007ffeff547000 	C:\WINDOWS\SYSTEM32\ntdll.dll
0x00007ffefdde0000 - 0x00007ffefde9d000 	C:\WINDOWS\System32\KERNEL32.DLL
0x00007ffefca50000 - 0x00007ffefcdc4000 	C:\WINDOWS\System32\KERNELBASE.dll
0x00007ffefcdd0000 - 0x00007ffefcee1000 	C:\WINDOWS\System32\ucrtbase.dll
0x00007ffee2c70000 - 0x00007ffee2c89000 	C:\Program Files\Android\Android Studio\jre\bin\jli.dll
0x00007ffee9450000 - 0x00007ffee9467000 	C:\Program Files\Android\Android Studio\jre\bin\VCRUNTIME140.dll
0x00007ffefd850000 - 0x00007ffefd9fc000 	C:\WINDOWS\System32\USER32.dll
0x00007ffefd1a0000 - 0x00007ffefd1c6000 	C:\WINDOWS\System32\win32u.dll
0x00007ffeea850000 - 0x00007ffeeaaf5000 	C:\WINDOWS\WinSxS\amd64_microsoft.windows.common-controls_6595b64144ccf1df_6.0.22000.120_none_9d947278b86cc467\COMCTL32.dll
0x00007ffefdd90000 - 0x00007ffefddb9000 	C:\WINDOWS\System32\GDI32.dll
0x00007ffefd370000 - 0x00007ffefd413000 	C:\WINDOWS\System32\msvcrt.dll
0x00007ffefd080000 - 0x00007ffefd192000 	C:\WINDOWS\System32\gdi32full.dll
0x00007ffefcef0000 - 0x00007ffefcf8d000 	C:\WINDOWS\System32\msvcp_win.dll
0x00007ffefdea0000 - 0x00007ffefded1000 	C:\WINDOWS\System32\IMM32.DLL
0x00007ffed0c80000 - 0x00007ffed0d1d000 	C:\Program Files\Android\Android Studio\jre\bin\msvcp140.dll
0x00007ffecd6f0000 - 0x00007ffece1bf000 	C:\Program Files\Android\Android Studio\jre\bin\server\jvm.dll
0x00007ffeff160000 - 0x00007ffeff20c000 	C:\WINDOWS\System32\ADVAPI32.dll
0x00007ffefe100000 - 0x00007ffefe19d000 	C:\WINDOWS\System32\sechost.dll
0x00007ffefe1a0000 - 0x00007ffefe2c1000 	C:\WINDOWS\System32\RPCRT4.dll
0x00007ffefdfd0000 - 0x00007ffefdfd8000 	C:\WINDOWS\System32\PSAPI.DLL
0x00007ffeeb4a0000 - 0x00007ffeeb4a9000 	C:\WINDOWS\SYSTEM32\WSOCK32.dll
0x00007ffef8420000 - 0x00007ffef8453000 	C:\WINDOWS\SYSTEM32\WINMM.dll
0x00007ffefe3e0000 - 0x00007ffefe44f000 	C:\WINDOWS\System32\WS2_32.dll
0x00007ffef6180000 - 0x00007ffef618a000 	C:\WINDOWS\SYSTEM32\VERSION.dll
0x00007ffefba30000 - 0x00007ffefba48000 	C:\WINDOWS\SYSTEM32\kernel.appcore.dll
0x00007ffef90a0000 - 0x00007ffef90b1000 	C:\Program Files\Android\Android Studio\jre\bin\verify.dll
0x00007ffefa3c0000 - 0x00007ffefa5e1000 	C:\WINDOWS\SYSTEM32\DBGHELP.DLL
0x00007ffee6c70000 - 0x00007ffee6ca1000 	C:\WINDOWS\SYSTEM32\dbgcore.DLL
0x00007ffefcf90000 - 0x00007ffefd010000 	C:\WINDOWS\System32\bcryptPrimitives.dll
0x00007ffef7a30000 - 0x00007ffef7a59000 	C:\Program Files\Android\Android Studio\jre\bin\java.dll
0x00007ffef83d0000 - 0x00007ffef83db000 	C:\Program Files\Android\Android Studio\jre\bin\jimage.dll
0x00007ffef64f0000 - 0x00007ffef6508000 	C:\Program Files\Android\Android Studio\jre\bin\zip.dll
0x00007ffefe8d0000 - 0x00007ffeff07a000 	C:\WINDOWS\System32\SHELL32.dll
0x00007ffefaab0000 - 0x00007ffefb312000 	C:\WINDOWS\SYSTEM32\windows.storage.dll
0x00007ffefda10000 - 0x00007ffefdd88000 	C:\WINDOWS\System32\combase.dll
0x00007ffefa940000 - 0x00007ffefaaa6000 	C:\WINDOWS\SYSTEM32\wintypes.dll
0x00007ffefd420000 - 0x00007ffefd50a000 	C:\WINDOWS\System32\SHCORE.dll
0x00007ffeff080000 - 0x00007ffeff0dd000 	C:\WINDOWS\System32\shlwapi.dll
0x00007ffefc750000 - 0x00007ffefc771000 	C:\WINDOWS\SYSTEM32\profapi.dll
0x00007ffef6410000 - 0x00007ffef642a000 	C:\Program Files\Android\Android Studio\jre\bin\net.dll
0x00007ffef1920000 - 0x00007ffef1a2c000 	C:\WINDOWS\SYSTEM32\WINHTTP.dll
0x00007ffefbe40000 - 0x00007ffefbea7000 	C:\WINDOWS\system32\mswsock.dll
0x00007ffef63f0000 - 0x00007ffef6404000 	C:\Program Files\Android\Android Studio\jre\bin\nio.dll
0x00007ffee40f0000 - 0x00007ffee4117000 	C:\Users\marti\.gradle\native\8bec1ad78214c89d9ad589b4d07fe93259594b29d510b10fafb7a158f7737e5d\windows-amd64\native-platform.dll
0x00007ffecef60000 - 0x00007ffecf09d000 	C:\Users\marti\.gradle\native\53dbd7edfb1c66fb8903c78663c9afc45aea4f116125fa6feffd364cf09443e8\windows-amd64\native-platform-file-events.dll
0x00007ffef7a20000 - 0x00007ffef7a2a000 	C:\Program Files\Android\Android Studio\jre\bin\management.dll
0x00007ffef64e0000 - 0x00007ffef64ec000 	C:\Program Files\Android\Android Studio\jre\bin\management_ext.dll
0x00007ffefc080000 - 0x00007ffefc098000 	C:\WINDOWS\SYSTEM32\CRYPTSP.dll
0x00007ffefb990000 - 0x00007ffefb9c5000 	C:\WINDOWS\system32\rsaenh.dll
0x00007ffefbf30000 - 0x00007ffefbf59000 	C:\WINDOWS\SYSTEM32\USERENV.dll
0x00007ffefc200000 - 0x00007ffefc227000 	C:\WINDOWS\SYSTEM32\bcrypt.dll
0x00007ffefc0a0000 - 0x00007ffefc0ac000 	C:\WINDOWS\SYSTEM32\CRYPTBASE.dll
0x00007ffefb470000 - 0x00007ffefb49d000 	C:\WINDOWS\SYSTEM32\IPHLPAPI.DLL
0x00007ffefd7b0000 - 0x00007ffefd7b9000 	C:\WINDOWS\System32\NSI.dll
0x00007ffef1a30000 - 0x00007ffef1a49000 	C:\WINDOWS\SYSTEM32\dhcpcsvc6.DLL
0x00007ffef2ee0000 - 0x00007ffef2efe000 	C:\WINDOWS\SYSTEM32\dhcpcsvc.DLL
0x00007ffefb4a0000 - 0x00007ffefb587000 	C:\WINDOWS\SYSTEM32\DNSAPI.dll

dbghelp: loaded successfully - version: 4.0.5 - missing functions: none
symbol engine: initialized successfully - sym options: 0x614 - pdb path: .;C:\Program Files\Android\Android Studio\jre\bin;C:\WINDOWS\SYSTEM32;C:\WINDOWS\WinSxS\amd64_microsoft.windows.common-controls_6595b64144ccf1df_6.0.22000.120_none_9d947278b86cc467;C:\Program Files\Android\Android Studio\jre\bin\server;C:\Users\marti\.gradle\native\8bec1ad78214c89d9ad589b4d07fe93259594b29d510b10fafb7a158f7737e5d\windows-amd64;C:\Users\marti\.gradle\native\53dbd7edfb1c66fb8903c78663c9afc45aea4f116125fa6feffd364cf09443e8\windows-amd64

VM Arguments:
jvm_args: --add-opens=java.base/java.util=ALL-UNNAMED --add-opens=java.base/java.lang=ALL-UNNAMED --add-opens=java.base/java.lang.invoke=ALL-UNNAMED --add-opens=java.base/java.util=ALL-UNNAMED --add-opens=java.prefs/java.util.prefs=ALL-UNNAMED --add-opens=java.prefs/java.util.prefs=ALL-UNNAMED --add-opens=java.base/java.nio.charset=ALL-UNNAMED --add-opens=java.base/java.net=ALL-UNNAMED --add-opens=java.base/java.util.concurrent.atomic=ALL-UNNAMED -Xmx2048m -Dfile.encoding=UTF-8 -Duser.country=TR -Duser.language=tr -Duser.variant 
java_command: org.gradle.launcher.daemon.bootstrap.GradleDaemon 7.0.2
java_class_path (initial): C:\Users\marti\.gradle\wrapper\dists\gradle-7.0.2-bin\857tjihv64xamwrf0h14cai3r\gradle-7.0.2\lib\gradle-launcher-7.0.2.jar
Launcher Type: SUN_STANDARD

[Global flags]
     intx CICompilerCount                          = 4                                         {product} {ergonomic}
     uint ConcGCThreads                            = 2                                         {product} {ergonomic}
     uint G1ConcRefinementThreads                  = 8                                         {product} {ergonomic}
   size_t G1HeapRegionSize                         = 1048576                                   {product} {ergonomic}
    uintx GCDrainStackTargetSize                   = 64                                        {product} {ergonomic}
   size_t InitialHeapSize                          = 134217728                                 {product} {ergonomic}
   size_t MarkStackSize                            = 4194304                                   {product} {ergonomic}
   size_t MaxHeapSize                              = 2147483648                                {product} {command line}
   size_t MaxNewSize                               = 1287651328                                {product} {ergonomic}
   size_t MinHeapDeltaBytes                        = 1048576                                   {product} {ergonomic}
    uintx NonNMethodCodeHeapSize                   = 5836300                                {pd product} {ergonomic}
    uintx NonProfiledCodeHeapSize                  = 122910970                              {pd product} {ergonomic}
    uintx ProfiledCodeHeapSize                     = 122910970                              {pd product} {ergonomic}
    uintx ReservedCodeCacheSize                    = 251658240                              {pd product} {ergonomic}
     bool SegmentedCodeCache                       = true                                      {product} {ergonomic}
     bool UseCompressedClassPointers               = true                                 {lp64_product} {ergonomic}
     bool UseCompressedOops                        = true                                 {lp64_product} {ergonomic}
     bool UseG1GC                                  = true                                      {product} {ergonomic}
     bool UseLargePagesIndividualAllocation        = false                                  {pd product} {ergonomic}

Logging:
Log output configuration:
 #0: stdout all=warning uptime,level,tags
 #1: stderr all=off uptime,level,tags

Environment Variables:
PATH=C:\Program Files (x86)\Common Files\Oracle\Java\javapath;C:\Program Files (x86)\Intel\iCLS Client\;C:\Program Files\Intel\iCLS Client\;C:\Windows\system32;C:\Windows;C:\Windows\System32\Wbem;C:\Windows\System32\WindowsPowerShell\v1.0\;C:\Program Files (x86)\NVIDIA Corporation\PhysX\Common;C:\Program Files (x86)\Intel\Intel(R) Management Engine Components\DAL;C:\Program Files\Intel\Intel(R) Management Engine Components\DAL;C:\Program Files (x86)\Intel\Intel(R) Management Engine Components\IPT;C:\Program Files\Intel\Intel(R) Management Engine Components\IPT;C:\WINDOWS\system32;C:\WINDOWS;C:\WINDOWS\System32\Wbem;C:\WINDOWS\System32\WindowsPowerShell\v1.0\;C:\WINDOWS\System32\OpenSSH\;C:\Program Files\dotnet\;C:\Program Files\Matlab\runtime\win64;C:\Program Files\Matlab\bin;C:\Program Files\Matlab\polyspace\bin;C:\Users\marti\AppData\Local\Programs\Python\Python310\Scripts\;C:\Users\marti\AppData\Local\Programs\Python\Python310\;C:\Users\marti\AppData\Local\Microsoft\WindowsApps;C:\Users\marti\.dotnet\tools;C:\Users\marti\AppData\Local\Programs\Microsoft VS Code\bin;C:\Users\marti\AppData\Local\GitHubDesktop\bin
USERNAME=marti
OS=Windows_NT
PROCESSOR_IDENTIFIER=Intel64 Family 6 Model 142 Stepping 10, GenuineIntel



---------------  S Y S T E M  ---------------

OS: Windows 10 , 64 bit Build 22000 (10.0.22000.318)
OS uptime: 1 days 3:02 hours

CPU:total 8 (initial active 8) (4 cores per cpu, 2 threads per core) family 6 model 142 stepping 10 microcode 0xe0, cmov, cx8, fxsr, mmx, sse, sse2, sse3, ssse3, sse4.1, sse4.2, popcnt, avx, avx2, aes, clmul, erms, 3dnowpref, lzcnt, ht, tsc, tscinvbit, bmi1, bmi2, adx, fma

Memory: 4k page, system-wide physical 8078M (894M free)
TotalPageFile size 8078M (AvailPageFile size 80M)
current process WorkingSet (physical memory assigned to process): 529M, peak: 534M
current process commit charge ("private bytes"): 645M, peak: 932M

vm_info: OpenJDK 64-Bit Server VM (11.0.10+0-b96-7249189) for windows-amd64 JRE (11.0.10+0-b96-7249189), built on Mar 31 2021 21:44:00 by "builder" with MS VC++ 14.0 (VS2015)

END.
